]633;P;IsWindows=True
==== NLP-Projects Workspace Setup ====

  ..   Creating virtual environment in .venv ...
  OK   .venv created.
  ..   Upgrading pip, setuptools, wheel ...

[notice] A new release of pip is available: 25.3 -> 26.0.1
[notice] To update, run: D:\Workspace\Github\Natural-Language-Processing-Projects-with-Documentations\.venv\Scripts\python.exe -m pip install --upgrade pip
ERROR: To modify pip, please run the following command:
D:\Workspace\Github\Natural-Language-Processing-Projects-with-Documentations\.venv\Scripts\python.exe -m pip install --upgrade pip setuptools wheel
  OK   pip / setuptools / wheel up-to-date.
  ..   Installing PyTorch (cu130) ...
Looking in indexes: https://download.pytorch.org/whl/cu130
Collecting torch
  Using cached https://download.pytorch.org/whl/cu130/torch-2.10.0%2Bcu130-cp313-cp313-win_amd64.whl.metadata (29 kB)
Collecting torchvision
  Using cached https://download.pytorch.org/whl/cu130/torchvision-0.25.0%2Bcu130-cp313-cp313-win_amd64.whl.metadata (5.5 kB)
Collecting filelock (from torch)
  Downloading filelock-3.20.0-py3-none-any.whl.metadata (2.1 kB)
Collecting typing-extensions>=4.10.0 (from torch)
  Using cached https://download.pytorch.org/whl/typing_extensions-4.15.0-py3-none-any.whl.metadata (3.3 kB)
Collecting sympy>=1.13.3 (from torch)
  Using cached sympy-1.14.0-py3-none-any.whl.metadata (12 kB)
Collecting networkx>=2.5.1 (from torch)
  Using cached networkx-3.6.1-py3-none-any.whl.metadata (6.8 kB)
Collecting jinja2 (from torch)
  Using cached https://download.pytorch.org/whl/jinja2-3.1.6-py3-none-any.whl.metadata (2.9 kB)
Collecting fsspec>=0.8.5 (from torch)
  Downloading fsspec-2025.12.0-py3-none-any.whl.metadata (10 kB)
Collecting setuptools (from torch)
  Downloading https://download.pytorch.org/whl/setuptools-70.2.0-py3-none-any.whl.metadata (5.8 kB)
Collecting numpy (from torchvision)
  Using cached numpy-2.3.5-cp313-cp313-win_amd64.whl.metadata (60 kB)
Collecting pillow!=8.3.*,>=5.3.0 (from torchvision)
  Downloading pillow-12.0.0-cp313-cp313-win_amd64.whl.metadata (9.0 kB)
Collecting mpmath<1.4,>=1.1.0 (from sympy>=1.13.3->torch)
  Using cached mpmath-1.3.0-py3-none-any.whl.metadata (8.6 kB)
Collecting MarkupSafe>=2.0 (from jinja2->torch)
  Downloading https://download.pytorch.org/whl/MarkupSafe-3.0.2-cp313-cp313-win_amd64.whl.metadata (4.1 kB)
Using cached https://download.pytorch.org/whl/cu130/torch-2.10.0%2Bcu130-cp313-cp313-win_amd64.whl (1867.4 MB)
Using cached https://download.pytorch.org/whl/cu130/torchvision-0.25.0%2Bcu130-cp313-cp313-win_amd64.whl (8.9 MB)
Downloading fsspec-2025.12.0-py3-none-any.whl (201 kB)
Using cached networkx-3.6.1-py3-none-any.whl (2.1 MB)
Downloading pillow-12.0.0-cp313-cp313-win_amd64.whl (7.0 MB)
   ---------------------------------------- 7.0/7.0 MB 10.8 MB/s  0:00:00
Using cached sympy-1.14.0-py3-none-any.whl (6.3 MB)
Using cached mpmath-1.3.0-py3-none-any.whl (536 kB)
Using cached https://download.pytorch.org/whl/typing_extensions-4.15.0-py3-none-any.whl (44 kB)
Downloading filelock-3.20.0-py3-none-any.whl (16 kB)
Using cached https://download.pytorch.org/whl/jinja2-3.1.6-py3-none-any.whl (134 kB)
Downloading https://download.pytorch.org/whl/MarkupSafe-3.0.2-cp313-cp313-win_amd64.whl (15 kB)
Using cached numpy-2.3.5-cp313-cp313-win_amd64.whl (12.8 MB)
Downloading https://download.pytorch.org/whl/setuptools-70.2.0-py3-none-any.whl (930 kB)
   ---------------------------------------- 930.8/930.8 kB 38.7 MB/s  0:00:00
Installing collected packages: mpmath, typing-extensions, sympy, setuptools, pillow, numpy, networkx, MarkupSafe, fsspec, filelock, jinja2, torch, torchvision

Successfully installed MarkupSafe-3.0.2 filelock-3.20.0 fsspec-2025.12.0 jinja2-3.1.6 mpmath-1.3.0 networkx-3.6.1 numpy-2.3.5 pillow-12.0.0 setuptools-70.2.0 sympy-1.14.0 torch-2.10.0+cu130 torchvision-0.25.0+cu130 typing-extensions-4.15.0

[notice] A new release of pip is available: 25.3 -> 26.0.1
[notice] To update, run: D:\Workspace\Github\Natural-Language-Processing-Projects-with-Documentations\.venv\Scripts\python.exe -m pip install --upgrade pip
  OK   PyTorch installed.
  ..   Installing requirements.txt ...
Requirement already satisfied: numpy in d:\workspace\github\natural-language-processing-projects-with-documentations\.venv\lib\site-packages (from -r D:\Workspace\Github\Natural-Language-Processing-Projects-with-Documentations\requirements.txt (line 8)) (2.3.5)
Collecting pandas (from -r D:\Workspace\Github\Natural-Language-Processing-Projects-with-Documentations\requirements.txt (line 9))
  Using cached pandas-3.0.1-cp313-cp313-win_amd64.whl.metadata (19 kB)
Collecting scipy (from -r D:\Workspace\Github\Natural-Language-Processing-Projects-with-Documentations\requirements.txt (line 10))
  Using cached scipy-1.17.1-cp313-cp313-win_amd64.whl.metadata (60 kB)
Collecting scikit-learn (from -r D:\Workspace\Github\Natural-Language-Processing-Projects-with-Documentations\requirements.txt (line 11))
  Using cached scikit_learn-1.8.0-cp313-cp313-win_amd64.whl.metadata (11 kB)
Collecting matplotlib (from -r D:\Workspace\Github\Natural-Language-Processing-Projects-with-Documentations\requirements.txt (line 12))
  Using cached matplotlib-3.10.8-cp313-cp313-win_amd64.whl.metadata (52 kB)
Collecting seaborn (from -r D:\Workspace\Github\Natural-Language-Processing-Projects-with-Documentations\requirements.txt (line 13))
  Using cached seaborn-0.13.2-py3-none-any.whl.metadata (5.4 kB)
Collecting nltk (from -r D:\Workspace\Github\Natural-Language-Processing-Projects-with-Documentations\requirements.txt (line 16))
  Using cached nltk-3.9.3-py3-none-any.whl.metadata (3.2 kB)
Collecting spacy (from -r D:\Workspace\Github\Natural-Language-Processing-Projects-with-Documentations\requirements.txt (line 17))
  Downloading spacy-3.8.11-cp313-cp313-win_amd64.whl.metadata (28 kB)
Collecting transformers (from -r D:\Workspace\Github\Natural-Language-Processing-Projects-with-Documentations\requirements.txt (line 18))
  Downloading transformers-5.2.0-py3-none-any.whl.metadata (32 kB)
Collecting datasets (from -r D:\Workspace\Github\Natural-Language-Processing-Projects-with-Documentations\requirements.txt (line 19))
  Downloading datasets-4.6.1-py3-none-any.whl.metadata (19 kB)
Collecting sentencepiece (from -r D:\Workspace\Github\Natural-Language-Processing-Projects-with-Documentations\requirements.txt (line 20))
  Downloading sentencepiece-0.2.1-cp313-cp313-win_amd64.whl.metadata (10 kB)
Collecting tokenizers (from -r D:\Workspace\Github\Natural-Language-Processing-Projects-with-Documentations\requirements.txt (line 21))
  Downloading tokenizers-0.22.2-cp39-abi3-win_amd64.whl.metadata (7.4 kB)
Collecting evaluate (from -r D:\Workspace\Github\Natural-Language-Processing-Projects-with-Documentations\requirements.txt (line 22))
  Downloading evaluate-0.4.6-py3-none-any.whl.metadata (9.5 kB)
Collecting accelerate (from -r D:\Workspace\Github\Natural-Language-Processing-Projects-with-Documentations\requirements.txt (line 23))
  Downloading accelerate-1.12.0-py3-none-any.whl.metadata (19 kB)
Collecting safetensors (from -r D:\Workspace\Github\Natural-Language-Processing-Projects-with-Documentations\requirements.txt (line 24))
  Using cached safetensors-0.7.0-cp38-abi3-win_amd64.whl.metadata (4.2 kB)
Collecting opencv-python<4.13,>=4.12.0 (from -r D:\Workspace\Github\Natural-Language-Processing-Projects-with-Documentations\requirements.txt (line 27))
  Using cached opencv_python-4.12.0.88-cp37-abi3-win_amd64.whl.metadata (19 kB)
Collecting rich (from -r D:\Workspace\Github\Natural-Language-Processing-Projects-with-Documentations\requirements.txt (line 30))
  Using cached rich-14.3.3-py3-none-any.whl.metadata (18 kB)
Collecting tqdm (from -r D:\Workspace\Github\Natural-Language-Processing-Projects-with-Documentations\requirements.txt (line 31))
  Using cached tqdm-4.67.3-py3-none-any.whl.metadata (57 kB)
Collecting requests (from -r D:\Workspace\Github\Natural-Language-Processing-Projects-with-Documentations\requirements.txt (line 32))
  Using cached requests-2.32.5-py3-none-any.whl.metadata (4.9 kB)
Collecting python-dotenv (from -r D:\Workspace\Github\Natural-Language-Processing-Projects-with-Documentations\requirements.txt (line 33))
  Using cached python_dotenv-1.2.2-py3-none-any.whl.metadata (27 kB)
Collecting pydantic (from -r D:\Workspace\Github\Natural-Language-Processing-Projects-with-Documentations\requirements.txt (line 34))
  Using cached pydantic-2.12.5-py3-none-any.whl.metadata (90 kB)
Collecting pyyaml (from -r D:\Workspace\Github\Natural-Language-Processing-Projects-with-Documentations\requirements.txt (line 35))
  Using cached pyyaml-6.0.3-cp313-cp313-win_amd64.whl.metadata (2.4 kB)
Collecting beautifulsoup4 (from -r D:\Workspace\Github\Natural-Language-Processing-Projects-with-Documentations\requirements.txt (line 36))
  Using cached beautifulsoup4-4.14.3-py3-none-any.whl.metadata (3.8 kB)
Collecting lxml (from -r D:\Workspace\Github\Natural-Language-Processing-Projects-with-Documentations\requirements.txt (line 37))
  Using cached lxml-6.0.2-cp313-cp313-win_amd64.whl.metadata (3.7 kB)
Collecting jupyter (from -r D:\Workspace\Github\Natural-Language-Processing-Projects-with-Documentations\requirements.txt (line 40))
  Using cached jupyter-1.1.1-py2.py3-none-any.whl.metadata (2.0 kB)
Collecting ipykernel (from -r D:\Workspace\Github\Natural-Language-Processing-Projects-with-Documentations\requirements.txt (line 41))
  Using cached ipykernel-7.2.0-py3-none-any.whl.metadata (4.5 kB)
Collecting ipywidgets (from -r D:\Workspace\Github\Natural-Language-Processing-Projects-with-Documentations\requirements.txt (line 42))
  Using cached ipywidgets-8.1.8-py3-none-any.whl.metadata (2.4 kB)
Collecting textblob (from -r D:\Workspace\Github\Natural-Language-Processing-Projects-with-Documentations\requirements.txt (line 45))
  Downloading textblob-0.19.0-py3-none-any.whl.metadata (4.4 kB)
Collecting wordcloud (from -r D:\Workspace\Github\Natural-Language-Processing-Projects-with-Documentations\requirements.txt (line 46))
  Using cached wordcloud-1.9.6-cp313-cp313-win_amd64.whl.metadata (3.5 kB)
Collecting gensim (from -r D:\Workspace\Github\Natural-Language-Processing-Projects-with-Documentations\requirements.txt (line 47))
  Downloading gensim-4.4.0-cp313-cp313-win_amd64.whl.metadata (8.6 kB)
Collecting pyLDAvis (from -r D:\Workspace\Github\Natural-Language-Processing-Projects-with-Documentations\requirements.txt (line 48))
  Downloading pyLDAvis-3.4.1-py3-none-any.whl.metadata (4.2 kB)
Collecting demoji (from -r D:\Workspace\Github\Natural-Language-Processing-Projects-with-Documentations\requirements.txt (line 49))
  Downloading demoji-1.1.0-py3-none-any.whl.metadata (9.2 kB)
Collecting num2words (from -r D:\Workspace\Github\Natural-Language-Processing-Projects-with-Documentations\requirements.txt (line 50))
  Downloading num2words-0.5.14-py3-none-any.whl.metadata (13 kB)
Collecting pyspellchecker (from -r D:\Workspace\Github\Natural-Language-Processing-Projects-with-Documentations\requirements.txt (line 51))
  Downloading pyspellchecker-0.8.4-py3-none-any.whl.metadata (9.4 kB)
Collecting stop-words (from -r D:\Workspace\Github\Natural-Language-Processing-Projects-with-Documentations\requirements.txt (line 52))
  Downloading stop_words-2025.11.4-py3-none-any.whl.metadata (14 kB)
Collecting lazypredict (from -r D:\Workspace\Github\Natural-Language-Processing-Projects-with-Documentations\requirements.txt (line 55))
  Using cached lazypredict-0.2.16-py2.py3-none-any.whl.metadata (13 kB)
Collecting numpy (from -r D:\Workspace\Github\Natural-Language-Processing-Projects-with-Documentations\requirements.txt (line 8))
  Using cached numpy-2.2.6-cp313-cp313-win_amd64.whl.metadata (60 kB)
Collecting python-dateutil>=2.8.2 (from pandas->-r D:\Workspace\Github\Natural-Language-Processing-Projects-with-Documentations\requirements.txt (line 9))
  Using cached python_dateutil-2.9.0.post0-py2.py3-none-any.whl.metadata (8.4 kB)
Collecting tzdata (from pandas->-r D:\Workspace\Github\Natural-Language-Processing-Projects-with-Documentations\requirements.txt (line 9))
  Using cached tzdata-2025.3-py2.py3-none-any.whl.metadata (1.4 kB)
Collecting joblib>=1.3.0 (from scikit-learn->-r D:\Workspace\Github\Natural-Language-Processing-Projects-with-Documentations\requirements.txt (line 11))
  Using cached joblib-1.5.3-py3-none-any.whl.metadata (5.5 kB)
Collecting threadpoolctl>=3.2.0 (from scikit-learn->-r D:\Workspace\Github\Natural-Language-Processing-Projects-with-Documentations\requirements.txt (line 11))
  Using cached threadpoolctl-3.6.0-py3-none-any.whl.metadata (13 kB)
Collecting contourpy>=1.0.1 (from matplotlib->-r D:\Workspace\Github\Natural-Language-Processing-Projects-with-Documentations\requirements.txt (line 12))
  Using cached contourpy-1.3.3-cp313-cp313-win_amd64.whl.metadata (5.5 kB)
Collecting cycler>=0.10 (from matplotlib->-r D:\Workspace\Github\Natural-Language-Processing-Projects-with-Documentations\requirements.txt (line 12))
  Using cached cycler-0.12.1-py3-none-any.whl.metadata (3.8 kB)
Collecting fonttools>=4.22.0 (from matplotlib->-r D:\Workspace\Github\Natural-Language-Processing-Projects-with-Documentations\requirements.txt (line 12))
  Using cached fonttools-4.61.1-cp313-cp313-win_amd64.whl.metadata (116 kB)
Collecting kiwisolver>=1.3.1 (from matplotlib->-r D:\Workspace\Github\Natural-Language-Processing-Projects-with-Documentations\requirements.txt (line 12))
  Using cached kiwisolver-1.4.9-cp313-cp313-win_amd64.whl.metadata (6.4 kB)
Collecting packaging>=20.0 (from matplotlib->-r D:\Workspace\Github\Natural-Language-Processing-Projects-with-Documentations\requirements.txt (line 12))
  Using cached packaging-26.0-py3-none-any.whl.metadata (3.3 kB)
Requirement already satisfied: pillow>=8 in d:\workspace\github\natural-language-processing-projects-with-documentations\.venv\lib\site-packages (from matplotlib->-r D:\Workspace\Github\Natural-Language-Processing-Projects-with-Documentations\requirements.txt (line 12)) (12.0.0)
Collecting pyparsing>=3 (from matplotlib->-r D:\Workspace\Github\Natural-Language-Processing-Projects-with-Documentations\requirements.txt (line 12))
  Using cached pyparsing-3.3.2-py3-none-any.whl.metadata (5.8 kB)
Collecting click (from nltk->-r D:\Workspace\Github\Natural-Language-Processing-Projects-with-Documentations\requirements.txt (line 16))
  Using cached click-8.3.1-py3-none-any.whl.metadata (2.6 kB)
Collecting regex>=2021.8.3 (from nltk->-r D:\Workspace\Github\Natural-Language-Processing-Projects-with-Documentations\requirements.txt (line 16))
  Using cached regex-2026.2.28-cp313-cp313-win_amd64.whl.metadata (41 kB)
Collecting spacy-legacy<3.1.0,>=3.0.11 (from spacy->-r D:\Workspace\Github\Natural-Language-Processing-Projects-with-Documentations\requirements.txt (line 17))
  Downloading spacy_legacy-3.0.12-py2.py3-none-any.whl.metadata (2.8 kB)
Collecting spacy-loggers<2.0.0,>=1.0.0 (from spacy->-r D:\Workspace\Github\Natural-Language-Processing-Projects-with-Documentations\requirements.txt (line 17))
  Downloading spacy_loggers-1.0.5-py3-none-any.whl.metadata (23 kB)
Collecting murmurhash<1.1.0,>=0.28.0 (from spacy->-r D:\Workspace\Github\Natural-Language-Processing-Projects-with-Documentations\requirements.txt (line 17))
  Downloading murmurhash-1.0.15-cp313-cp313-win_amd64.whl.metadata (2.3 kB)
Collecting cymem<2.1.0,>=2.0.2 (from spacy->-r D:\Workspace\Github\Natural-Language-Processing-Projects-with-Documentations\requirements.txt (line 17))
  Downloading cymem-2.0.13-cp313-cp313-win_amd64.whl.metadata (9.9 kB)
Collecting preshed<3.1.0,>=3.0.2 (from spacy->-r D:\Workspace\Github\Natural-Language-Processing-Projects-with-Documentations\requirements.txt (line 17))
  Downloading preshed-3.0.12-cp313-cp313-win_amd64.whl.metadata (2.6 kB)
Collecting thinc<8.4.0,>=8.3.4 (from spacy->-r D:\Workspace\Github\Natural-Language-Processing-Projects-with-Documentations\requirements.txt (line 17))
  Downloading thinc-8.3.10-cp313-cp313-win_amd64.whl.metadata (15 kB)
Collecting wasabi<1.2.0,>=0.9.1 (from spacy->-r D:\Workspace\Github\Natural-Language-Processing-Projects-with-Documentations\requirements.txt (line 17))
  Downloading wasabi-1.1.3-py3-none-any.whl.metadata (28 kB)
Collecting srsly<3.0.0,>=2.4.3 (from spacy->-r D:\Workspace\Github\Natural-Language-Processing-Projects-with-Documentations\requirements.txt (line 17))
  Downloading srsly-2.5.2-cp313-cp313-win_amd64.whl.metadata (20 kB)
Collecting catalogue<2.1.0,>=2.0.6 (from spacy->-r D:\Workspace\Github\Natural-Language-Processing-Projects-with-Documentations\requirements.txt (line 17))
  Downloading catalogue-2.0.10-py3-none-any.whl.metadata (14 kB)
Collecting weasel<0.5.0,>=0.4.2 (from spacy->-r D:\Workspace\Github\Natural-Language-Processing-Projects-with-Documentations\requirements.txt (line 17))
  Downloading weasel-0.4.3-py3-none-any.whl.metadata (4.6 kB)
Collecting typer-slim<1.0.0,>=0.3.0 (from spacy->-r D:\Workspace\Github\Natural-Language-Processing-Projects-with-Documentations\requirements.txt (line 17))
  Downloading typer_slim-0.24.0-py3-none-any.whl.metadata (4.2 kB)
Requirement already satisfied: jinja2 in d:\workspace\github\natural-language-processing-projects-with-documentations\.venv\lib\site-packages (from spacy->-r D:\Workspace\Github\Natural-Language-Processing-Projects-with-Documentations\requirements.txt (line 17)) (3.1.6)
Requirement already satisfied: setuptools in d:\workspace\github\natural-language-processing-projects-with-documentations\.venv\lib\site-packages (from spacy->-r D:\Workspace\Github\Natural-Language-Processing-Projects-with-Documentations\requirements.txt (line 17)) (70.2.0)
Collecting colorama (from tqdm->-r D:\Workspace\Github\Natural-Language-Processing-Projects-with-Documentations\requirements.txt (line 31))
  Using cached colorama-0.4.6-py2.py3-none-any.whl.metadata (17 kB)
Collecting charset_normalizer<4,>=2 (from requests->-r D:\Workspace\Github\Natural-Language-Processing-Projects-with-Documentations\requirements.txt (line 32))
  Using cached charset_normalizer-3.4.4-cp313-cp313-win_amd64.whl.metadata (38 kB)
Collecting idna<4,>=2.5 (from requests->-r D:\Workspace\Github\Natural-Language-Processing-Projects-with-Documentations\requirements.txt (line 32))
  Using cached idna-3.11-py3-none-any.whl.metadata (8.4 kB)
Collecting urllib3<3,>=1.21.1 (from requests->-r D:\Workspace\Github\Natural-Language-Processing-Projects-with-Documentations\requirements.txt (line 32))
  Using cached urllib3-2.6.3-py3-none-any.whl.metadata (6.9 kB)
Collecting certifi>=2017.4.17 (from requests->-r D:\Workspace\Github\Natural-Language-Processing-Projects-with-Documentations\requirements.txt (line 32))
  Using cached certifi-2026.2.25-py3-none-any.whl.metadata (2.5 kB)
Collecting annotated-types>=0.6.0 (from pydantic->-r D:\Workspace\Github\Natural-Language-Processing-Projects-with-Documentations\requirements.txt (line 34))
  Using cached annotated_types-0.7.0-py3-none-any.whl.metadata (15 kB)
Collecting pydantic-core==2.41.5 (from pydantic->-r D:\Workspace\Github\Natural-Language-Processing-Projects-with-Documentations\requirements.txt (line 34))
  Using cached pydantic_core-2.41.5-cp313-cp313-win_amd64.whl.metadata (7.4 kB)
Requirement already satisfied: typing-extensions>=4.14.1 in d:\workspace\github\natural-language-processing-projects-with-documentations\.venv\lib\site-packages (from pydantic->-r D:\Workspace\Github\Natural-Language-Processing-Projects-with-Documentations\requirements.txt (line 34)) (4.15.0)
Collecting typing-inspection>=0.4.2 (from pydantic->-r D:\Workspace\Github\Natural-Language-Processing-Projects-with-Documentations\requirements.txt (line 34))
  Using cached typing_inspection-0.4.2-py3-none-any.whl.metadata (2.6 kB)
Collecting blis<1.4.0,>=1.3.0 (from thinc<8.4.0,>=8.3.4->spacy->-r D:\Workspace\Github\Natural-Language-Processing-Projects-with-Documentations\requirements.txt (line 17))
  Downloading blis-1.3.3-cp313-cp313-win_amd64.whl.metadata (7.7 kB)
Collecting confection<1.0.0,>=0.0.1 (from thinc<8.4.0,>=8.3.4->spacy->-r D:\Workspace\Github\Natural-Language-Processing-Projects-with-Documentations\requirements.txt (line 17))
  Downloading confection-0.1.5-py3-none-any.whl.metadata (19 kB)
Collecting typer>=0.24.0 (from typer-slim<1.0.0,>=0.3.0->spacy->-r D:\Workspace\Github\Natural-Language-Processing-Projects-with-Documentations\requirements.txt (line 17))
  Using cached typer-0.24.1-py3-none-any.whl.metadata (16 kB)
Collecting cloudpathlib<1.0.0,>=0.7.0 (from weasel<0.5.0,>=0.4.2->spacy->-r D:\Workspace\Github\Natural-Language-Processing-Projects-with-Documentations\requirements.txt (line 17))
  Downloading cloudpathlib-0.23.0-py3-none-any.whl.metadata (16 kB)
Collecting smart-open<8.0.0,>=5.2.1 (from weasel<0.5.0,>=0.4.2->spacy->-r D:\Workspace\Github\Natural-Language-Processing-Projects-with-Documentations\requirements.txt (line 17))
  Downloading smart_open-7.5.1-py3-none-any.whl.metadata (24 kB)
Collecting wrapt (from smart-open<8.0.0,>=5.2.1->weasel<0.5.0,>=0.4.2->spacy->-r D:\Workspace\Github\Natural-Language-Processing-Projects-with-Documentations\requirements.txt (line 17))
  Downloading wrapt-2.1.1-cp313-cp313-win_amd64.whl.metadata (7.6 kB)
Collecting huggingface-hub<2.0,>=1.3.0 (from transformers->-r D:\Workspace\Github\Natural-Language-Processing-Projects-with-Documentations\requirements.txt (line 18))
  Using cached huggingface_hub-1.5.0-py3-none-any.whl.metadata (13 kB)
Requirement already satisfied: filelock>=3.10.0 in d:\workspace\github\natural-language-processing-projects-with-documentations\.venv\lib\site-packages (from huggingface-hub<2.0,>=1.3.0->transformers->-r D:\Workspace\Github\Natural-Language-Processing-Projects-with-Documentations\requirements.txt (line 18)) (3.20.0)
Requirement already satisfied: fsspec>=2023.5.0 in d:\workspace\github\natural-language-processing-projects-with-documentations\.venv\lib\site-packages (from huggingface-hub<2.0,>=1.3.0->transformers->-r D:\Workspace\Github\Natural-Language-Processing-Projects-with-Documentations\requirements.txt (line 18)) (2025.12.0)
Collecting hf-xet<2.0.0,>=1.2.0 (from huggingface-hub<2.0,>=1.3.0->transformers->-r D:\Workspace\Github\Natural-Language-Processing-Projects-with-Documentations\requirements.txt (line 18))
  Using cached hf_xet-1.3.2-cp37-abi3-win_amd64.whl.metadata (4.9 kB)
Collecting httpx<1,>=0.23.0 (from huggingface-hub<2.0,>=1.3.0->transformers->-r D:\Workspace\Github\Natural-Language-Processing-Projects-with-Documentations\requirements.txt (line 18))
  Using cached httpx-0.28.1-py3-none-any.whl.metadata (7.1 kB)
Collecting anyio (from httpx<1,>=0.23.0->huggingface-hub<2.0,>=1.3.0->transformers->-r D:\Workspace\Github\Natural-Language-Processing-Projects-with-Documentations\requirements.txt (line 18))
  Using cached anyio-4.12.1-py3-none-any.whl.metadata (4.3 kB)
Collecting httpcore==1.* (from httpx<1,>=0.23.0->huggingface-hub<2.0,>=1.3.0->transformers->-r D:\Workspace\Github\Natural-Language-Processing-Projects-with-Documentations\requirements.txt (line 18))
  Using cached httpcore-1.0.9-py3-none-any.whl.metadata (21 kB)
Collecting h11>=0.16 (from httpcore==1.*->httpx<1,>=0.23.0->huggingface-hub<2.0,>=1.3.0->transformers->-r D:\Workspace\Github\Natural-Language-Processing-Projects-with-Documentations\requirements.txt (line 18))
  Using cached h11-0.16.0-py3-none-any.whl.metadata (8.3 kB)
Collecting pyarrow>=21.0.0 (from datasets->-r D:\Workspace\Github\Natural-Language-Processing-Projects-with-Documentations\requirements.txt (line 19))
  Using cached pyarrow-23.0.1-cp313-cp313-win_amd64.whl.metadata (3.1 kB)
Collecting dill<0.4.1,>=0.3.0 (from datasets->-r D:\Workspace\Github\Natural-Language-Processing-Projects-with-Documentations\requirements.txt (line 19))
  Downloading dill-0.4.0-py3-none-any.whl.metadata (10 kB)
Collecting xxhash (from datasets->-r D:\Workspace\Github\Natural-Language-Processing-Projects-with-Documentations\requirements.txt (line 19))
  Downloading xxhash-3.6.0-cp313-cp313-win_amd64.whl.metadata (13 kB)
Collecting multiprocess<0.70.19 (from datasets->-r D:\Workspace\Github\Natural-Language-Processing-Projects-with-Documentations\requirements.txt (line 19))
  Downloading multiprocess-0.70.18-py313-none-any.whl.metadata (7.2 kB)
Collecting aiohttp!=4.0.0a0,!=4.0.0a1 (from fsspec[http]<=2026.2.0,>=2023.1.0->datasets->-r D:\Workspace\Github\Natural-Language-Processing-Projects-with-Documentations\requirements.txt (line 19))
  Using cached aiohttp-3.13.3-cp313-cp313-win_amd64.whl.metadata (8.4 kB)
Collecting psutil (from accelerate->-r D:\Workspace\Github\Natural-Language-Processing-Projects-with-Documentations\requirements.txt (line 23))
  Using cached psutil-7.2.2-cp37-abi3-win_amd64.whl.metadata (22 kB)
Requirement already satisfied: torch>=2.0.0 in d:\workspace\github\natural-language-processing-projects-with-documentations\.venv\lib\site-packages (from accelerate->-r D:\Workspace\Github\Natural-Language-Processing-Projects-with-Documentations\requirements.txt (line 23)) (2.10.0+cu130)
Collecting markdown-it-py>=2.2.0 (from rich->-r D:\Workspace\Github\Natural-Language-Processing-Projects-with-Documentations\requirements.txt (line 30))
  Using cached markdown_it_py-4.0.0-py3-none-any.whl.metadata (7.3 kB)
Collecting pygments<3.0.0,>=2.13.0 (from rich->-r D:\Workspace\Github\Natural-Language-Processing-Projects-with-Documentations\requirements.txt (line 30))
  Using cached pygments-2.19.2-py3-none-any.whl.metadata (2.5 kB)
Collecting soupsieve>=1.6.1 (from beautifulsoup4->-r D:\Workspace\Github\Natural-Language-Processing-Projects-with-Documentations\requirements.txt (line 36))
  Using cached soupsieve-2.8.3-py3-none-any.whl.metadata (4.6 kB)
Collecting notebook (from jupyter->-r D:\Workspace\Github\Natural-Language-Processing-Projects-with-Documentations\requirements.txt (line 40))
  Using cached notebook-7.5.4-py3-none-any.whl.metadata (10 kB)
Collecting jupyter-console (from jupyter->-r D:\Workspace\Github\Natural-Language-Processing-Projects-with-Documentations\requirements.txt (line 40))
  Using cached jupyter_console-6.6.3-py3-none-any.whl.metadata (5.8 kB)
Collecting nbconvert (from jupyter->-r D:\Workspace\Github\Natural-Language-Processing-Projects-with-Documentations\requirements.txt (line 40))
  Using cached nbconvert-7.17.0-py3-none-any.whl.metadata (8.4 kB)
Collecting jupyterlab (from jupyter->-r D:\Workspace\Github\Natural-Language-Processing-Projects-with-Documentations\requirements.txt (line 40))
  Using cached jupyterlab-4.5.5-py3-none-any.whl.metadata (16 kB)
Collecting comm>=0.1.1 (from ipykernel->-r D:\Workspace\Github\Natural-Language-Processing-Projects-with-Documentations\requirements.txt (line 41))
  Using cached comm-0.2.3-py3-none-any.whl.metadata (3.7 kB)
Collecting debugpy>=1.6.5 (from ipykernel->-r D:\Workspace\Github\Natural-Language-Processing-Projects-with-Documentations\requirements.txt (line 41))
  Using cached debugpy-1.8.20-cp313-cp313-win_amd64.whl.metadata (1.5 kB)
Collecting ipython>=7.23.1 (from ipykernel->-r D:\Workspace\Github\Natural-Language-Processing-Projects-with-Documentations\requirements.txt (line 41))
  Using cached ipython-9.10.0-py3-none-any.whl.metadata (4.6 kB)
Collecting jupyter-client>=8.8.0 (from ipykernel->-r D:\Workspace\Github\Natural-Language-Processing-Projects-with-Documentations\requirements.txt (line 41))
  Using cached jupyter_client-8.8.0-py3-none-any.whl.metadata (8.4 kB)
Collecting jupyter-core!=6.0.*,>=5.1 (from ipykernel->-r D:\Workspace\Github\Natural-Language-Processing-Projects-with-Documentations\requirements.txt (line 41))
  Using cached jupyter_core-5.9.1-py3-none-any.whl.metadata (1.5 kB)
Collecting matplotlib-inline>=0.1 (from ipykernel->-r D:\Workspace\Github\Natural-Language-Processing-Projects-with-Documentations\requirements.txt (line 41))
  Using cached matplotlib_inline-0.2.1-py3-none-any.whl.metadata (2.3 kB)
Collecting nest-asyncio>=1.4 (from ipykernel->-r D:\Workspace\Github\Natural-Language-Processing-Projects-with-Documentations\requirements.txt (line 41))
  Using cached nest_asyncio-1.6.0-py3-none-any.whl.metadata (2.8 kB)
Collecting pyzmq>=25 (from ipykernel->-r D:\Workspace\Github\Natural-Language-Processing-Projects-with-Documentations\requirements.txt (line 41))
  Using cached pyzmq-27.1.0-cp312-abi3-win_amd64.whl.metadata (6.0 kB)
Collecting tornado>=6.4.1 (from ipykernel->-r D:\Workspace\Github\Natural-Language-Processing-Projects-with-Documentations\requirements.txt (line 41))
  Using cached tornado-6.5.4-cp39-abi3-win_amd64.whl.metadata (2.9 kB)
Collecting traitlets>=5.4.0 (from ipykernel->-r D:\Workspace\Github\Natural-Language-Processing-Projects-with-Documentations\requirements.txt (line 41))
  Using cached traitlets-5.14.3-py3-none-any.whl.metadata (10 kB)
Collecting widgetsnbextension~=4.0.14 (from ipywidgets->-r D:\Workspace\Github\Natural-Language-Processing-Projects-with-Documentations\requirements.txt (line 42))
  Using cached widgetsnbextension-4.0.15-py3-none-any.whl.metadata (1.6 kB)
Collecting jupyterlab_widgets~=3.0.15 (from ipywidgets->-r D:\Workspace\Github\Natural-Language-Processing-Projects-with-Documentations\requirements.txt (line 42))
  Using cached jupyterlab_widgets-3.0.16-py3-none-any.whl.metadata (20 kB)
Collecting numexpr (from pyLDAvis->-r D:\Workspace\Github\Natural-Language-Processing-Projects-with-Documentations\requirements.txt (line 48))
  Downloading numexpr-2.14.1-cp313-cp313-win_amd64.whl.metadata (9.3 kB)
Collecting funcy (from pyLDAvis->-r D:\Workspace\Github\Natural-Language-Processing-Projects-with-Documentations\requirements.txt (line 48))
  Downloading funcy-2.0-py2.py3-none-any.whl.metadata (5.9 kB)
Collecting docopt>=0.6.2 (from num2words->-r D:\Workspace\Github\Natural-Language-Processing-Projects-with-Documentations\requirements.txt (line 50))
  Downloading docopt-0.6.2.tar.gz (25 kB)
  Installing build dependencies: started
  Installing build dependencies: finished with status 'done'
  Getting requirements to build wheel: started
  Getting requirements to build wheel: finished with status 'done'
  Preparing metadata (pyproject.toml): started
  Preparing metadata (pyproject.toml): finished with status 'done'
Collecting lightgbm (from lazypredict->-r D:\Workspace\Github\Natural-Language-Processing-Projects-with-Documentations\requirements.txt (line 55))
  Using cached lightgbm-4.6.0-py3-none-win_amd64.whl.metadata (17 kB)
Collecting xgboost (from lazypredict->-r D:\Workspace\Github\Natural-Language-Processing-Projects-with-Documentations\requirements.txt (line 55))
  Using cached xgboost-3.2.0-py3-none-win_amd64.whl.metadata (2.1 kB)
Collecting pytest-runner (from lazypredict->-r D:\Workspace\Github\Natural-Language-Processing-Projects-with-Documentations\requirements.txt (line 55))
  Using cached pytest_runner-6.0.1-py3-none-any.whl.metadata (7.3 kB)
Collecting mlflow>=2.0.0 (from lazypredict->-r D:\Workspace\Github\Natural-Language-Processing-Projects-with-Documentations\requirements.txt (line 55))
  Using cached mlflow-3.10.0-py3-none-any.whl.metadata (31 kB)
Collecting aiohappyeyeballs>=2.5.0 (from aiohttp!=4.0.0a0,!=4.0.0a1->fsspec[http]<=2026.2.0,>=2023.1.0->datasets->-r D:\Workspace\Github\Natural-Language-Processing-Projects-with-Documentations\requirements.txt (line 19))
  Using cached aiohappyeyeballs-2.6.1-py3-none-any.whl.metadata (5.9 kB)
Collecting aiosignal>=1.4.0 (from aiohttp!=4.0.0a0,!=4.0.0a1->fsspec[http]<=2026.2.0,>=2023.1.0->datasets->-r D:\Workspace\Github\Natural-Language-Processing-Projects-with-Documentations\requirements.txt (line 19))
  Using cached aiosignal-1.4.0-py3-none-any.whl.metadata (3.7 kB)
Collecting attrs>=17.3.0 (from aiohttp!=4.0.0a0,!=4.0.0a1->fsspec[http]<=2026.2.0,>=2023.1.0->datasets->-r D:\Workspace\Github\Natural-Language-Processing-Projects-with-Documentations\requirements.txt (line 19))
  Using cached attrs-25.4.0-py3-none-any.whl.metadata (10 kB)
Collecting frozenlist>=1.1.1 (from aiohttp!=4.0.0a0,!=4.0.0a1->fsspec[http]<=2026.2.0,>=2023.1.0->datasets->-r D:\Workspace\Github\Natural-Language-Processing-Projects-with-Documentations\requirements.txt (line 19))
  Using cached frozenlist-1.8.0-cp313-cp313-win_amd64.whl.metadata (21 kB)
Collecting multidict<7.0,>=4.5 (from aiohttp!=4.0.0a0,!=4.0.0a1->fsspec[http]<=2026.2.0,>=2023.1.0->datasets->-r D:\Workspace\Github\Natural-Language-Processing-Projects-with-Documentations\requirements.txt (line 19))
  Using cached multidict-6.7.1-cp313-cp313-win_amd64.whl.metadata (5.5 kB)
Collecting propcache>=0.2.0 (from aiohttp!=4.0.0a0,!=4.0.0a1->fsspec[http]<=2026.2.0,>=2023.1.0->datasets->-r D:\Workspace\Github\Natural-Language-Processing-Projects-with-Documentations\requirements.txt (line 19))
  Using cached propcache-0.4.1-cp313-cp313-win_amd64.whl.metadata (14 kB)
Collecting yarl<2.0,>=1.17.0 (from aiohttp!=4.0.0a0,!=4.0.0a1->fsspec[http]<=2026.2.0,>=2023.1.0->datasets->-r D:\Workspace\Github\Natural-Language-Processing-Projects-with-Documentations\requirements.txt (line 19))
  Downloading yarl-1.23.0-cp313-cp313-win_amd64.whl.metadata (82 kB)
Collecting decorator>=4.3.2 (from ipython>=7.23.1->ipykernel->-r D:\Workspace\Github\Natural-Language-Processing-Projects-with-Documentations\requirements.txt (line 41))
  Using cached decorator-5.2.1-py3-none-any.whl.metadata (3.9 kB)
Collecting ipython-pygments-lexers>=1.0.0 (from ipython>=7.23.1->ipykernel->-r D:\Workspace\Github\Natural-Language-Processing-Projects-with-Documentations\requirements.txt (line 41))
  Using cached ipython_pygments_lexers-1.1.1-py3-none-any.whl.metadata (1.1 kB)
Collecting jedi>=0.18.1 (from ipython>=7.23.1->ipykernel->-r D:\Workspace\Github\Natural-Language-Processing-Projects-with-Documentations\requirements.txt (line 41))
  Using cached jedi-0.19.2-py2.py3-none-any.whl.metadata (22 kB)
Collecting prompt_toolkit<3.1.0,>=3.0.41 (from ipython>=7.23.1->ipykernel->-r D:\Workspace\Github\Natural-Language-Processing-Projects-with-Documentations\requirements.txt (line 41))
  Using cached prompt_toolkit-3.0.52-py3-none-any.whl.metadata (6.4 kB)
Collecting stack_data>=0.6.0 (from ipython>=7.23.1->ipykernel->-r D:\Workspace\Github\Natural-Language-Processing-Projects-with-Documentations\requirements.txt (line 41))
  Using cached stack_data-0.6.3-py3-none-any.whl.metadata (18 kB)
Collecting wcwidth (from prompt_toolkit<3.1.0,>=3.0.41->ipython>=7.23.1->ipykernel->-r D:\Workspace\Github\Natural-Language-Processing-Projects-with-Documentations\requirements.txt (line 41))
  Using cached wcwidth-0.6.0-py3-none-any.whl.metadata (30 kB)
Collecting parso<0.9.0,>=0.8.4 (from jedi>=0.18.1->ipython>=7.23.1->ipykernel->-r D:\Workspace\Github\Natural-Language-Processing-Projects-with-Documentations\requirements.txt (line 41))
  Using cached parso-0.8.6-py2.py3-none-any.whl.metadata (8.4 kB)
Collecting platformdirs>=2.5 (from jupyter-core!=6.0.*,>=5.1->ipykernel->-r D:\Workspace\Github\Natural-Language-Processing-Projects-with-Documentations\requirements.txt (line 41))
  Using cached platformdirs-4.9.2-py3-none-any.whl.metadata (4.7 kB)
Collecting mdurl~=0.1 (from markdown-it-py>=2.2.0->rich->-r D:\Workspace\Github\Natural-Language-Processing-Projects-with-Documentations\requirements.txt (line 30))
  Using cached mdurl-0.1.2-py3-none-any.whl.metadata (1.6 kB)
Collecting mlflow-skinny==3.10.0 (from mlflow>=2.0.0->lazypredict->-r D:\Workspace\Github\Natural-Language-Processing-Projects-with-Documentations\requirements.txt (line 55))
  Using cached mlflow_skinny-3.10.0-py3-none-any.whl.metadata (32 kB)
Collecting mlflow-tracing==3.10.0 (from mlflow>=2.0.0->lazypredict->-r D:\Workspace\Github\Natural-Language-Processing-Projects-with-Documentations\requirements.txt (line 55))
  Using cached mlflow_tracing-3.10.0-py3-none-any.whl.metadata (19 kB)
Collecting Flask-CORS<7 (from mlflow>=2.0.0->lazypredict->-r D:\Workspace\Github\Natural-Language-Processing-Projects-with-Documentations\requirements.txt (line 55))
  Using cached flask_cors-6.0.2-py3-none-any.whl.metadata (5.3 kB)
Collecting Flask<4 (from mlflow>=2.0.0->lazypredict->-r D:\Workspace\Github\Natural-Language-Processing-Projects-with-Documentations\requirements.txt (line 55))
  Using cached flask-3.1.3-py3-none-any.whl.metadata (3.2 kB)
Collecting alembic!=1.10.0,<2 (from mlflow>=2.0.0->lazypredict->-r D:\Workspace\Github\Natural-Language-Processing-Projects-with-Documentations\requirements.txt (line 55))
  Using cached alembic-1.18.4-py3-none-any.whl.metadata (7.2 kB)
Collecting cryptography<47,>=43.0.0 (from mlflow>=2.0.0->lazypredict->-r D:\Workspace\Github\Natural-Language-Processing-Projects-with-Documentations\requirements.txt (line 55))
  Using cached cryptography-46.0.5-cp311-abi3-win_amd64.whl.metadata (5.7 kB)
Collecting docker<8,>=4.0.0 (from mlflow>=2.0.0->lazypredict->-r D:\Workspace\Github\Natural-Language-Processing-Projects-with-Documentations\requirements.txt (line 55))
  Using cached docker-7.1.0-py3-none-any.whl.metadata (3.8 kB)
Collecting graphene<4 (from mlflow>=2.0.0->lazypredict->-r D:\Workspace\Github\Natural-Language-Processing-Projects-with-Documentations\requirements.txt (line 55))
  Using cached graphene-3.4.3-py2.py3-none-any.whl.metadata (6.9 kB)
Collecting huey<3,>=2.5.4 (from mlflow>=2.0.0->lazypredict->-r D:\Workspace\Github\Natural-Language-Processing-Projects-with-Documentations\requirements.txt (line 55))
  Using cached huey-2.6.0-py3-none-any.whl.metadata (4.3 kB)
Collecting pandas (from -r D:\Workspace\Github\Natural-Language-Processing-Projects-with-Documentations\requirements.txt (line 9))
  Using cached pandas-2.3.3-cp313-cp313-win_amd64.whl.metadata (19 kB)
Collecting skops<1 (from mlflow>=2.0.0->lazypredict->-r D:\Workspace\Github\Natural-Language-Processing-Projects-with-Documentations\requirements.txt (line 55))
  Using cached skops-0.13.0-py3-none-any.whl.metadata (5.6 kB)
Collecting sqlalchemy<3,>=1.4.0 (from mlflow>=2.0.0->lazypredict->-r D:\Workspace\Github\Natural-Language-Processing-Projects-with-Documentations\requirements.txt (line 55))
  Downloading sqlalchemy-2.0.48-cp313-cp313-win_amd64.whl.metadata (9.8 kB)
Collecting waitress<4 (from mlflow>=2.0.0->lazypredict->-r D:\Workspace\Github\Natural-Language-Processing-Projects-with-Documentations\requirements.txt (line 55))
  Using cached waitress-3.0.2-py3-none-any.whl.metadata (5.8 kB)
Collecting cachetools<8,>=5.0.0 (from mlflow-skinny==3.10.0->mlflow>=2.0.0->lazypredict->-r D:\Workspace\Github\Natural-Language-Processing-Projects-with-Documentations\requirements.txt (line 55))
  Downloading cachetools-7.0.2-py3-none-any.whl.metadata (5.6 kB)
Collecting cloudpickle<4 (from mlflow-skinny==3.10.0->mlflow>=2.0.0->lazypredict->-r D:\Workspace\Github\Natural-Language-Processing-Projects-with-Documentations\requirements.txt (line 55))
  Using cached cloudpickle-3.1.2-py3-none-any.whl.metadata (7.1 kB)
Collecting databricks-sdk<1,>=0.20.0 (from mlflow-skinny==3.10.0->mlflow>=2.0.0->lazypredict->-r D:\Workspace\Github\Natural-Language-Processing-Projects-with-Documentations\requirements.txt (line 55))
  Downloading databricks_sdk-0.95.0-py3-none-any.whl.metadata (40 kB)
Collecting fastapi<1 (from mlflow-skinny==3.10.0->mlflow>=2.0.0->lazypredict->-r D:\Workspace\Github\Natural-Language-Processing-Projects-with-Documentations\requirements.txt (line 55))
  Using cached fastapi-0.135.1-py3-none-any.whl.metadata (30 kB)
Collecting gitpython<4,>=3.1.9 (from mlflow-skinny==3.10.0->mlflow>=2.0.0->lazypredict->-r D:\Workspace\Github\Natural-Language-Processing-Projects-with-Documentations\requirements.txt (line 55))
  Using cached gitpython-3.1.46-py3-none-any.whl.metadata (13 kB)
Collecting importlib_metadata!=4.7.0,<9,>=3.7.0 (from mlflow-skinny==3.10.0->mlflow>=2.0.0->lazypredict->-r D:\Workspace\Github\Natural-Language-Processing-Projects-with-Documentations\requirements.txt (line 55))
  Using cached importlib_metadata-8.7.1-py3-none-any.whl.metadata (4.7 kB)
Collecting opentelemetry-api<3,>=1.9.0 (from mlflow-skinny==3.10.0->mlflow>=2.0.0->lazypredict->-r D:\Workspace\Github\Natural-Language-Processing-Projects-with-Documentations\requirements.txt (line 55))
  Using cached opentelemetry_api-1.39.1-py3-none-any.whl.metadata (1.5 kB)
Collecting opentelemetry-proto<3,>=1.9.0 (from mlflow-skinny==3.10.0->mlflow>=2.0.0->lazypredict->-r D:\Workspace\Github\Natural-Language-Processing-Projects-with-Documentations\requirements.txt (line 55))
  Using cached opentelemetry_proto-1.39.1-py3-none-any.whl.metadata (2.3 kB)
Collecting opentelemetry-sdk<3,>=1.9.0 (from mlflow-skinny==3.10.0->mlflow>=2.0.0->lazypredict->-r D:\Workspace\Github\Natural-Language-Processing-Projects-with-Documentations\requirements.txt (line 55))
  Using cached opentelemetry_sdk-1.39.1-py3-none-any.whl.metadata (1.5 kB)
Collecting protobuf<7,>=3.12.0 (from mlflow-skinny==3.10.0->mlflow>=2.0.0->lazypredict->-r D:\Workspace\Github\Natural-Language-Processing-Projects-with-Documentations\requirements.txt (line 55))
  Using cached protobuf-6.33.5-cp310-abi3-win_amd64.whl.metadata (593 bytes)
Collecting sqlparse<1,>=0.4.0 (from mlflow-skinny==3.10.0->mlflow>=2.0.0->lazypredict->-r D:\Workspace\Github\Natural-Language-Processing-Projects-with-Documentations\requirements.txt (line 55))
  Using cached sqlparse-0.5.5-py3-none-any.whl.metadata (4.7 kB)
Collecting uvicorn<1 (from mlflow-skinny==3.10.0->mlflow>=2.0.0->lazypredict->-r D:\Workspace\Github\Natural-Language-Processing-Projects-with-Documentations\requirements.txt (line 55))
  Using cached uvicorn-0.41.0-py3-none-any.whl.metadata (6.7 kB)
Collecting pytz>=2020.1 (from pandas->-r D:\Workspace\Github\Natural-Language-Processing-Projects-with-Documentations\requirements.txt (line 9))
  Using cached pytz-2025.2-py2.py3-none-any.whl.metadata (22 kB)
Collecting Mako (from alembic!=1.10.0,<2->mlflow>=2.0.0->lazypredict->-r D:\Workspace\Github\Natural-Language-Processing-Projects-with-Documentations\requirements.txt (line 55))
  Using cached mako-1.3.10-py3-none-any.whl.metadata (2.9 kB)
Collecting cffi>=2.0.0 (from cryptography<47,>=43.0.0->mlflow>=2.0.0->lazypredict->-r D:\Workspace\Github\Natural-Language-Processing-Projects-with-Documentations\requirements.txt (line 55))
  Using cached cffi-2.0.0-cp313-cp313-win_amd64.whl.metadata (2.6 kB)
Collecting google-auth~=2.0 (from databricks-sdk<1,>=0.20.0->mlflow-skinny==3.10.0->mlflow>=2.0.0->lazypredict->-r D:\Workspace\Github\Natural-Language-Processing-Projects-with-Documentations\requirements.txt (line 55))
  Using cached google_auth-2.48.0-py3-none-any.whl.metadata (6.2 kB)
Collecting pywin32>=304 (from docker<8,>=4.0.0->mlflow>=2.0.0->lazypredict->-r D:\Workspace\Github\Natural-Language-Processing-Projects-with-Documentations\requirements.txt (line 55))
  Using cached pywin32-311-cp313-cp313-win_amd64.whl.metadata (10 kB)
Collecting starlette>=0.46.0 (from fastapi<1->mlflow-skinny==3.10.0->mlflow>=2.0.0->lazypredict->-r D:\Workspace\Github\Natural-Language-Processing-Projects-with-Documentations\requirements.txt (line 55))
  Using cached starlette-0.52.1-py3-none-any.whl.metadata (6.3 kB)
Collecting annotated-doc>=0.0.2 (from fastapi<1->mlflow-skinny==3.10.0->mlflow>=2.0.0->lazypredict->-r D:\Workspace\Github\Natural-Language-Processing-Projects-with-Documentations\requirements.txt (line 55))
  Using cached annotated_doc-0.0.4-py3-none-any.whl.metadata (6.6 kB)
Collecting blinker>=1.9.0 (from Flask<4->mlflow>=2.0.0->lazypredict->-r D:\Workspace\Github\Natural-Language-Processing-Projects-with-Documentations\requirements.txt (line 55))
  Using cached blinker-1.9.0-py3-none-any.whl.metadata (1.6 kB)
Collecting itsdangerous>=2.2.0 (from Flask<4->mlflow>=2.0.0->lazypredict->-r D:\Workspace\Github\Natural-Language-Processing-Projects-with-Documentations\requirements.txt (line 55))
  Using cached itsdangerous-2.2.0-py3-none-any.whl.metadata (1.9 kB)
Requirement already satisfied: markupsafe>=2.1.1 in d:\workspace\github\natural-language-processing-projects-with-documentations\.venv\lib\site-packages (from Flask<4->mlflow>=2.0.0->lazypredict->-r D:\Workspace\Github\Natural-Language-Processing-Projects-with-Documentations\requirements.txt (line 55)) (3.0.2)
Collecting werkzeug>=3.1.0 (from Flask<4->mlflow>=2.0.0->lazypredict->-r D:\Workspace\Github\Natural-Language-Processing-Projects-with-Documentations\requirements.txt (line 55))
  Using cached werkzeug-3.1.6-py3-none-any.whl.metadata (4.0 kB)
Collecting gitdb<5,>=4.0.1 (from gitpython<4,>=3.1.9->mlflow-skinny==3.10.0->mlflow>=2.0.0->lazypredict->-r D:\Workspace\Github\Natural-Language-Processing-Projects-with-Documentations\requirements.txt (line 55))
  Using cached gitdb-4.0.12-py3-none-any.whl.metadata (1.2 kB)
Collecting smmap<6,>=3.0.1 (from gitdb<5,>=4.0.1->gitpython<4,>=3.1.9->mlflow-skinny==3.10.0->mlflow>=2.0.0->lazypredict->-r D:\Workspace\Github\Natural-Language-Processing-Projects-with-Documentations\requirements.txt (line 55))
  Using cached smmap-5.0.2-py3-none-any.whl.metadata (4.3 kB)
Collecting pyasn1-modules>=0.2.1 (from google-auth~=2.0->databricks-sdk<1,>=0.20.0->mlflow-skinny==3.10.0->mlflow>=2.0.0->lazypredict->-r D:\Workspace\Github\Natural-Language-Processing-Projects-with-Documentations\requirements.txt (line 55))
  Using cached pyasn1_modules-0.4.2-py3-none-any.whl.metadata (3.5 kB)
Collecting rsa<5,>=3.1.4 (from google-auth~=2.0->databricks-sdk<1,>=0.20.0->mlflow-skinny==3.10.0->mlflow>=2.0.0->lazypredict->-r D:\Workspace\Github\Natural-Language-Processing-Projects-with-Documentations\requirements.txt (line 55))
  Using cached rsa-4.9.1-py3-none-any.whl.metadata (5.6 kB)
Collecting graphql-core<3.3,>=3.1 (from graphene<4->mlflow>=2.0.0->lazypredict->-r D:\Workspace\Github\Natural-Language-Processing-Projects-with-Documentations\requirements.txt (line 55))
  Using cached graphql_core-3.2.7-py3-none-any.whl.metadata (11 kB)
Collecting graphql-relay<3.3,>=3.1 (from graphene<4->mlflow>=2.0.0->lazypredict->-r D:\Workspace\Github\Natural-Language-Processing-Projects-with-Documentations\requirements.txt (line 55))
  Using cached graphql_relay-3.2.0-py3-none-any.whl.metadata (12 kB)
Collecting zipp>=3.20 (from importlib_metadata!=4.7.0,<9,>=3.7.0->mlflow-skinny==3.10.0->mlflow>=2.0.0->lazypredict->-r D:\Workspace\Github\Natural-Language-Processing-Projects-with-Documentations\requirements.txt (line 55))
  Using cached zipp-3.23.0-py3-none-any.whl.metadata (3.6 kB)
Collecting opentelemetry-semantic-conventions==0.60b1 (from opentelemetry-sdk<3,>=1.9.0->mlflow-skinny==3.10.0->mlflow>=2.0.0->lazypredict->-r D:\Workspace\Github\Natural-Language-Processing-Projects-with-Documentations\requirements.txt (line 55))
  Using cached opentelemetry_semantic_conventions-0.60b1-py3-none-any.whl.metadata (2.4 kB)
Collecting six>=1.5 (from python-dateutil>=2.8.2->pandas->-r D:\Workspace\Github\Natural-Language-Processing-Projects-with-Documentations\requirements.txt (line 9))
  Using cached six-1.17.0-py2.py3-none-any.whl.metadata (1.7 kB)
Collecting pyasn1>=0.1.3 (from rsa<5,>=3.1.4->google-auth~=2.0->databricks-sdk<1,>=0.20.0->mlflow-skinny==3.10.0->mlflow>=2.0.0->lazypredict->-r D:\Workspace\Github\Natural-Language-Processing-Projects-with-Documentations\requirements.txt (line 55))
  Using cached pyasn1-0.6.2-py3-none-any.whl.metadata (8.4 kB)
Collecting prettytable>=3.9 (from skops<1->mlflow>=2.0.0->lazypredict->-r D:\Workspace\Github\Natural-Language-Processing-Projects-with-Documentations\requirements.txt (line 55))
  Using cached prettytable-3.17.0-py3-none-any.whl.metadata (34 kB)
Collecting greenlet>=1 (from sqlalchemy<3,>=1.4.0->mlflow>=2.0.0->lazypredict->-r D:\Workspace\Github\Natural-Language-Processing-Projects-with-Documentations\requirements.txt (line 55))
  Using cached greenlet-3.3.2-cp313-cp313-win_amd64.whl.metadata (3.8 kB)
Collecting pycparser (from cffi>=2.0.0->cryptography<47,>=43.0.0->mlflow>=2.0.0->lazypredict->-r D:\Workspace\Github\Natural-Language-Processing-Projects-with-Documentations\requirements.txt (line 55))
  Using cached pycparser-3.0-py3-none-any.whl.metadata (8.2 kB)
Collecting executing>=1.2.0 (from stack_data>=0.6.0->ipython>=7.23.1->ipykernel->-r D:\Workspace\Github\Natural-Language-Processing-Projects-with-Documentations\requirements.txt (line 41))
  Using cached executing-2.2.1-py2.py3-none-any.whl.metadata (8.9 kB)
Collecting asttokens>=2.1.0 (from stack_data>=0.6.0->ipython>=7.23.1->ipykernel->-r D:\Workspace\Github\Natural-Language-Processing-Projects-with-Documentations\requirements.txt (line 41))
  Using cached asttokens-3.0.1-py3-none-any.whl.metadata (4.9 kB)
Collecting pure-eval (from stack_data>=0.6.0->ipython>=7.23.1->ipykernel->-r D:\Workspace\Github\Natural-Language-Processing-Projects-with-Documentations\requirements.txt (line 41))
  Using cached pure_eval-0.2.3-py3-none-any.whl.metadata (6.3 kB)
Requirement already satisfied: sympy>=1.13.3 in d:\workspace\github\natural-language-processing-projects-with-documentations\.venv\lib\site-packages (from torch>=2.0.0->accelerate->-r D:\Workspace\Github\Natural-Language-Processing-Projects-with-Documentations\requirements.txt (line 23)) (1.14.0)
Requirement already satisfied: networkx>=2.5.1 in d:\workspace\github\natural-language-processing-projects-with-documentations\.venv\lib\site-packages (from torch>=2.0.0->accelerate->-r D:\Workspace\Github\Natural-Language-Processing-Projects-with-Documentations\requirements.txt (line 23)) (3.6.1)
Requirement already satisfied: mpmath<1.4,>=1.1.0 in d:\workspace\github\natural-language-processing-projects-with-documentations\.venv\lib\site-packages (from sympy>=1.13.3->torch>=2.0.0->accelerate->-r D:\Workspace\Github\Natural-Language-Processing-Projects-with-Documentations\requirements.txt (line 23)) (1.3.0)
Collecting shellingham>=1.3.0 (from typer>=0.24.0->typer-slim<1.0.0,>=0.3.0->spacy->-r D:\Workspace\Github\Natural-Language-Processing-Projects-with-Documentations\requirements.txt (line 17))
  Using cached shellingham-1.5.4-py2.py3-none-any.whl.metadata (3.5 kB)
Collecting async-lru>=1.0.0 (from jupyterlab->jupyter->-r D:\Workspace\Github\Natural-Language-Processing-Projects-with-Documentations\requirements.txt (line 40))
  Using cached async_lru-2.2.0-py3-none-any.whl.metadata (7.2 kB)
Collecting jupyter-lsp>=2.0.0 (from jupyterlab->jupyter->-r D:\Workspace\Github\Natural-Language-Processing-Projects-with-Documentations\requirements.txt (line 40))
  Using cached jupyter_lsp-2.3.0-py3-none-any.whl.metadata (1.8 kB)
Collecting jupyter-server<3,>=2.4.0 (from jupyterlab->jupyter->-r D:\Workspace\Github\Natural-Language-Processing-Projects-with-Documentations\requirements.txt (line 40))
  Using cached jupyter_server-2.17.0-py3-none-any.whl.metadata (8.5 kB)
Collecting jupyterlab-server<3,>=2.28.0 (from jupyterlab->jupyter->-r D:\Workspace\Github\Natural-Language-Processing-Projects-with-Documentations\requirements.txt (line 40))
  Using cached jupyterlab_server-2.28.0-py3-none-any.whl.metadata (5.9 kB)
Collecting notebook-shim>=0.2 (from jupyterlab->jupyter->-r D:\Workspace\Github\Natural-Language-Processing-Projects-with-Documentations\requirements.txt (line 40))
  Using cached notebook_shim-0.2.4-py3-none-any.whl.metadata (4.0 kB)
Collecting argon2-cffi>=21.1 (from jupyter-server<3,>=2.4.0->jupyterlab->jupyter->-r D:\Workspace\Github\Natural-Language-Processing-Projects-with-Documentations\requirements.txt (line 40))
  Using cached argon2_cffi-25.1.0-py3-none-any.whl.metadata (4.1 kB)
Collecting jupyter-events>=0.11.0 (from jupyter-server<3,>=2.4.0->jupyterlab->jupyter->-r D:\Workspace\Github\Natural-Language-Processing-Projects-with-Documentations\requirements.txt (line 40))
  Using cached jupyter_events-0.12.0-py3-none-any.whl.metadata (5.8 kB)
Collecting jupyter-server-terminals>=0.4.4 (from jupyter-server<3,>=2.4.0->jupyterlab->jupyter->-r D:\Workspace\Github\Natural-Language-Processing-Projects-with-Documentations\requirements.txt (line 40))
  Using cached jupyter_server_terminals-0.5.4-py3-none-any.whl.metadata (5.9 kB)
Collecting nbformat>=5.3.0 (from jupyter-server<3,>=2.4.0->jupyterlab->jupyter->-r D:\Workspace\Github\Natural-Language-Processing-Projects-with-Documentations\requirements.txt (line 40))
  Using cached nbformat-5.10.4-py3-none-any.whl.metadata (3.6 kB)
Collecting prometheus-client>=0.9 (from jupyter-server<3,>=2.4.0->jupyterlab->jupyter->-r D:\Workspace\Github\Natural-Language-Processing-Projects-with-Documentations\requirements.txt (line 40))
  Using cached prometheus_client-0.24.1-py3-none-any.whl.metadata (2.1 kB)
Collecting pywinpty>=2.0.1 (from jupyter-server<3,>=2.4.0->jupyterlab->jupyter->-r D:\Workspace\Github\Natural-Language-Processing-Projects-with-Documentations\requirements.txt (line 40))
  Using cached pywinpty-3.0.3-cp313-cp313-win_amd64.whl.metadata (5.9 kB)
Collecting send2trash>=1.8.2 (from jupyter-server<3,>=2.4.0->jupyterlab->jupyter->-r D:\Workspace\Github\Natural-Language-Processing-Projects-with-Documentations\requirements.txt (line 40))
  Using cached send2trash-2.1.0-py3-none-any.whl.metadata (4.1 kB)
Collecting terminado>=0.8.3 (from jupyter-server<3,>=2.4.0->jupyterlab->jupyter->-r D:\Workspace\Github\Natural-Language-Processing-Projects-with-Documentations\requirements.txt (line 40))
  Using cached terminado-0.18.1-py3-none-any.whl.metadata (5.8 kB)
Collecting websocket-client>=1.7 (from jupyter-server<3,>=2.4.0->jupyterlab->jupyter->-r D:\Workspace\Github\Natural-Language-Processing-Projects-with-Documentations\requirements.txt (line 40))
  Using cached websocket_client-1.9.0-py3-none-any.whl.metadata (8.3 kB)
Collecting babel>=2.10 (from jupyterlab-server<3,>=2.28.0->jupyterlab->jupyter->-r D:\Workspace\Github\Natural-Language-Processing-Projects-with-Documentations\requirements.txt (line 40))
  Using cached babel-2.18.0-py3-none-any.whl.metadata (2.2 kB)
Collecting json5>=0.9.0 (from jupyterlab-server<3,>=2.28.0->jupyterlab->jupyter->-r D:\Workspace\Github\Natural-Language-Processing-Projects-with-Documentations\requirements.txt (line 40))
  Using cached json5-0.13.0-py3-none-any.whl.metadata (36 kB)
Collecting jsonschema>=4.18.0 (from jupyterlab-server<3,>=2.28.0->jupyterlab->jupyter->-r D:\Workspace\Github\Natural-Language-Processing-Projects-with-Documentations\requirements.txt (line 40))
  Using cached jsonschema-4.26.0-py3-none-any.whl.metadata (7.6 kB)
Collecting argon2-cffi-bindings (from argon2-cffi>=21.1->jupyter-server<3,>=2.4.0->jupyterlab->jupyter->-r D:\Workspace\Github\Natural-Language-Processing-Projects-with-Documentations\requirements.txt (line 40))
  Using cached argon2_cffi_bindings-25.1.0-cp39-abi3-win_amd64.whl.metadata (7.5 kB)
Collecting jsonschema-specifications>=2023.03.6 (from jsonschema>=4.18.0->jupyterlab-server<3,>=2.28.0->jupyterlab->jupyter->-r D:\Workspace\Github\Natural-Language-Processing-Projects-with-Documentations\requirements.txt (line 40))
  Using cached jsonschema_specifications-2025.9.1-py3-none-any.whl.metadata (2.9 kB)
Collecting referencing>=0.28.4 (from jsonschema>=4.18.0->jupyterlab-server<3,>=2.28.0->jupyterlab->jupyter->-r D:\Workspace\Github\Natural-Language-Processing-Projects-with-Documentations\requirements.txt (line 40))
  Using cached referencing-0.37.0-py3-none-any.whl.metadata (2.8 kB)
Collecting rpds-py>=0.25.0 (from jsonschema>=4.18.0->jupyterlab-server<3,>=2.28.0->jupyterlab->jupyter->-r D:\Workspace\Github\Natural-Language-Processing-Projects-with-Documentations\requirements.txt (line 40))
  Using cached rpds_py-0.30.0-cp313-cp313-win_amd64.whl.metadata (4.2 kB)
Collecting python-json-logger>=2.0.4 (from jupyter-events>=0.11.0->jupyter-server<3,>=2.4.0->jupyterlab->jupyter->-r D:\Workspace\Github\Natural-Language-Processing-Projects-with-Documentations\requirements.txt (line 40))
  Using cached python_json_logger-4.0.0-py3-none-any.whl.metadata (4.0 kB)
Collecting rfc3339-validator (from jupyter-events>=0.11.0->jupyter-server<3,>=2.4.0->jupyterlab->jupyter->-r D:\Workspace\Github\Natural-Language-Processing-Projects-with-Documentations\requirements.txt (line 40))
  Using cached rfc3339_validator-0.1.4-py2.py3-none-any.whl.metadata (1.5 kB)
Collecting rfc3986-validator>=0.1.1 (from jupyter-events>=0.11.0->jupyter-server<3,>=2.4.0->jupyterlab->jupyter->-r D:\Workspace\Github\Natural-Language-Processing-Projects-with-Documentations\requirements.txt (line 40))
  Using cached rfc3986_validator-0.1.1-py2.py3-none-any.whl.metadata (1.7 kB)
Collecting fqdn (from jsonschema[format-nongpl]>=4.18.0->jupyter-events>=0.11.0->jupyter-server<3,>=2.4.0->jupyterlab->jupyter->-r D:\Workspace\Github\Natural-Language-Processing-Projects-with-Documentations\requirements.txt (line 40))
  Using cached fqdn-1.5.1-py3-none-any.whl.metadata (1.4 kB)
Collecting isoduration (from jsonschema[format-nongpl]>=4.18.0->jupyter-events>=0.11.0->jupyter-server<3,>=2.4.0->jupyterlab->jupyter->-r D:\Workspace\Github\Natural-Language-Processing-Projects-with-Documentations\requirements.txt (line 40))
  Using cached isoduration-20.11.0-py3-none-any.whl.metadata (5.7 kB)
Collecting jsonpointer>1.13 (from jsonschema[format-nongpl]>=4.18.0->jupyter-events>=0.11.0->jupyter-server<3,>=2.4.0->jupyterlab->jupyter->-r D:\Workspace\Github\Natural-Language-Processing-Projects-with-Documentations\requirements.txt (line 40))
  Using cached jsonpointer-3.0.0-py2.py3-none-any.whl.metadata (2.3 kB)
Collecting rfc3987-syntax>=1.1.0 (from jsonschema[format-nongpl]>=4.18.0->jupyter-events>=0.11.0->jupyter-server<3,>=2.4.0->jupyterlab->jupyter->-r D:\Workspace\Github\Natural-Language-Processing-Projects-with-Documentations\requirements.txt (line 40))
  Using cached rfc3987_syntax-1.1.0-py3-none-any.whl.metadata (7.7 kB)
Collecting uri-template (from jsonschema[format-nongpl]>=4.18.0->jupyter-events>=0.11.0->jupyter-server<3,>=2.4.0->jupyterlab->jupyter->-r D:\Workspace\Github\Natural-Language-Processing-Projects-with-Documentations\requirements.txt (line 40))
  Using cached uri_template-1.3.0-py3-none-any.whl.metadata (8.8 kB)
Collecting webcolors>=24.6.0 (from jsonschema[format-nongpl]>=4.18.0->jupyter-events>=0.11.0->jupyter-server<3,>=2.4.0->jupyterlab->jupyter->-r D:\Workspace\Github\Natural-Language-Processing-Projects-with-Documentations\requirements.txt (line 40))
  Using cached webcolors-25.10.0-py3-none-any.whl.metadata (2.2 kB)
Collecting bleach!=5.0.0 (from bleach[css]!=5.0.0->nbconvert->jupyter->-r D:\Workspace\Github\Natural-Language-Processing-Projects-with-Documentations\requirements.txt (line 40))
  Using cached bleach-6.3.0-py3-none-any.whl.metadata (31 kB)
Collecting defusedxml (from nbconvert->jupyter->-r D:\Workspace\Github\Natural-Language-Processing-Projects-with-Documentations\requirements.txt (line 40))
  Using cached defusedxml-0.7.1-py2.py3-none-any.whl.metadata (32 kB)
Collecting jupyterlab-pygments (from nbconvert->jupyter->-r D:\Workspace\Github\Natural-Language-Processing-Projects-with-Documentations\requirements.txt (line 40))
  Using cached jupyterlab_pygments-0.3.0-py3-none-any.whl.metadata (4.4 kB)
Collecting mistune<4,>=2.0.3 (from nbconvert->jupyter->-r D:\Workspace\Github\Natural-Language-Processing-Projects-with-Documentations\requirements.txt (line 40))
  Using cached mistune-3.2.0-py3-none-any.whl.metadata (1.9 kB)
Collecting nbclient>=0.5.0 (from nbconvert->jupyter->-r D:\Workspace\Github\Natural-Language-Processing-Projects-with-Documentations\requirements.txt (line 40))
  Using cached nbclient-0.10.4-py3-none-any.whl.metadata (8.3 kB)
Collecting pandocfilters>=1.4.1 (from nbconvert->jupyter->-r D:\Workspace\Github\Natural-Language-Processing-Projects-with-Documentations\requirements.txt (line 40))
  Using cached pandocfilters-1.5.1-py2.py3-none-any.whl.metadata (9.0 kB)
Collecting webencodings (from bleach!=5.0.0->bleach[css]!=5.0.0->nbconvert->jupyter->-r D:\Workspace\Github\Natural-Language-Processing-Projects-with-Documentations\requirements.txt (line 40))
  Using cached webencodings-0.5.1-py2.py3-none-any.whl.metadata (2.1 kB)
Collecting tinycss2<1.5,>=1.1.0 (from bleach[css]!=5.0.0->nbconvert->jupyter->-r D:\Workspace\Github\Natural-Language-Processing-Projects-with-Documentations\requirements.txt (line 40))
  Using cached tinycss2-1.4.0-py3-none-any.whl.metadata (3.0 kB)
Collecting fastjsonschema>=2.15 (from nbformat>=5.3.0->jupyter-server<3,>=2.4.0->jupyterlab->jupyter->-r D:\Workspace\Github\Natural-Language-Processing-Projects-with-Documentations\requirements.txt (line 40))
  Using cached fastjsonschema-2.21.2-py3-none-any.whl.metadata (2.3 kB)
Collecting lark>=1.2.2 (from rfc3987-syntax>=1.1.0->jsonschema[format-nongpl]>=4.18.0->jupyter-events>=0.11.0->jupyter-server<3,>=2.4.0->jupyterlab->jupyter->-r D:\Workspace\Github\Natural-Language-Processing-Projects-with-Documentations\requirements.txt (line 40))
  Using cached lark-1.3.1-py3-none-any.whl.metadata (1.8 kB)
Collecting arrow>=0.15.0 (from isoduration->jsonschema[format-nongpl]>=4.18.0->jupyter-events>=0.11.0->jupyter-server<3,>=2.4.0->jupyterlab->jupyter->-r D:\Workspace\Github\Natural-Language-Processing-Projects-with-Documentations\requirements.txt (line 40))
  Using cached arrow-1.4.0-py3-none-any.whl.metadata (7.7 kB)
Using cached opencv_python-4.12.0.88-cp37-abi3-win_amd64.whl (39.0 MB)
Using cached numpy-2.2.6-cp313-cp313-win_amd64.whl (12.6 MB)
Using cached scipy-1.17.1-cp313-cp313-win_amd64.whl (36.5 MB)
Using cached scikit_learn-1.8.0-cp313-cp313-win_amd64.whl (8.0 MB)
Using cached matplotlib-3.10.8-cp313-cp313-win_amd64.whl (8.1 MB)
Using cached seaborn-0.13.2-py3-none-any.whl (294 kB)
Using cached nltk-3.9.3-py3-none-any.whl (1.5 MB)
Downloading spacy-3.8.11-cp313-cp313-win_amd64.whl (14.2 MB)
   ---------------------------------------- 14.2/14.2 MB 46.8 MB/s  0:00:00
Using cached tqdm-4.67.3-py3-none-any.whl (78 kB)
Using cached requests-2.32.5-py3-none-any.whl (64 kB)
Using cached pydantic-2.12.5-py3-none-any.whl (463 kB)
Using cached pydantic_core-2.41.5-cp313-cp313-win_amd64.whl (2.0 MB)
Downloading catalogue-2.0.10-py3-none-any.whl (17 kB)
Using cached charset_normalizer-3.4.4-cp313-cp313-win_amd64.whl (107 kB)
Downloading cymem-2.0.13-cp313-cp313-win_amd64.whl (40 kB)
Using cached idna-3.11-py3-none-any.whl (71 kB)
Downloading murmurhash-1.0.15-cp313-cp313-win_amd64.whl (25 kB)
Downloading preshed-3.0.12-cp313-cp313-win_amd64.whl (117 kB)
Downloading spacy_legacy-3.0.12-py2.py3-none-any.whl (29 kB)
Downloading spacy_loggers-1.0.5-py3-none-any.whl (22 kB)
Downloading srsly-2.5.2-cp313-cp313-win_amd64.whl (653 kB)
   ---------------------------------------- 653.1/653.1 kB 37.6 MB/s  0:00:00
Downloading thinc-8.3.10-cp313-cp313-win_amd64.whl (1.7 MB)
   ---------------------------------------- 1.7/1.7 MB 52.9 MB/s  0:00:00
Downloading blis-1.3.3-cp313-cp313-win_amd64.whl (6.2 MB)
   ---------------------------------------- 6.2/6.2 MB 52.8 MB/s  0:00:00
Downloading confection-0.1.5-py3-none-any.whl (35 kB)
Downloading typer_slim-0.24.0-py3-none-any.whl (3.4 kB)
Using cached urllib3-2.6.3-py3-none-any.whl (131 kB)
Downloading wasabi-1.1.3-py3-none-any.whl (27 kB)
Downloading weasel-0.4.3-py3-none-any.whl (50 kB)
Downloading cloudpathlib-0.23.0-py3-none-any.whl (62 kB)
Downloading smart_open-7.5.1-py3-none-any.whl (64 kB)
Downloading transformers-5.2.0-py3-none-any.whl (10.4 MB)
   ---------------------------------------- 10.4/10.4 MB 60.7 MB/s  0:00:00
Downloading tokenizers-0.22.2-cp39-abi3-win_amd64.whl (2.7 MB)
   ---------------------------------------- 2.7/2.7 MB 34.6 MB/s  0:00:00
Using cached huggingface_hub-1.5.0-py3-none-any.whl (596 kB)
Using cached hf_xet-1.3.2-cp37-abi3-win_amd64.whl (3.6 MB)
Using cached httpx-0.28.1-py3-none-any.whl (73 kB)
Using cached httpcore-1.0.9-py3-none-any.whl (78 kB)
Downloading datasets-4.6.1-py3-none-any.whl (520 kB)
Downloading dill-0.4.0-py3-none-any.whl (119 kB)
Downloading multiprocess-0.70.18-py313-none-any.whl (151 kB)
Downloading sentencepiece-0.2.1-cp313-cp313-win_amd64.whl (1.1 MB)
   ---------------------------------------- 1.1/1.1 MB 30.0 MB/s  0:00:00
Downloading evaluate-0.4.6-py3-none-any.whl (84 kB)
Downloading accelerate-1.12.0-py3-none-any.whl (380 kB)
Using cached safetensors-0.7.0-cp38-abi3-win_amd64.whl (341 kB)
Using cached rich-14.3.3-py3-none-any.whl (310 kB)
Using cached pygments-2.19.2-py3-none-any.whl (1.2 MB)
Using cached python_dotenv-1.2.2-py3-none-any.whl (22 kB)
Using cached pyyaml-6.0.3-cp313-cp313-win_amd64.whl (154 kB)
Using cached beautifulsoup4-4.14.3-py3-none-any.whl (107 kB)
Using cached lxml-6.0.2-cp313-cp313-win_amd64.whl (4.0 MB)
Using cached jupyter-1.1.1-py2.py3-none-any.whl (2.7 kB)
Using cached ipykernel-7.2.0-py3-none-any.whl (118 kB)
Using cached ipywidgets-8.1.8-py3-none-any.whl (139 kB)
Using cached jupyterlab_widgets-3.0.16-py3-none-any.whl (914 kB)
Using cached widgetsnbextension-4.0.15-py3-none-any.whl (2.2 MB)
Downloading textblob-0.19.0-py3-none-any.whl (624 kB)
   ---------------------------------------- 624.3/624.3 kB 22.8 MB/s  0:00:00
Using cached wordcloud-1.9.6-cp313-cp313-win_amd64.whl (306 kB)
Downloading gensim-4.4.0-cp313-cp313-win_amd64.whl (24.4 MB)
   ---------------------------------------- 24.4/24.4 MB 32.2 MB/s  0:00:00
Downloading pyLDAvis-3.4.1-py3-none-any.whl (2.6 MB)
   ---------------------------------------- 2.6/2.6 MB 27.1 MB/s  0:00:00
Downloading demoji-1.1.0-py3-none-any.whl (42 kB)
Downloading num2words-0.5.14-py3-none-any.whl (163 kB)
Downloading pyspellchecker-0.8.4-py3-none-any.whl (7.2 MB)
   ---------------------------------------- 7.2/7.2 MB 35.0 MB/s  0:00:00
Downloading stop_words-2025.11.4-py3-none-any.whl (59 kB)
Using cached lazypredict-0.2.16-py2.py3-none-any.whl (14 kB)
Using cached aiohttp-3.13.3-cp313-cp313-win_amd64.whl (453 kB)
Using cached multidict-6.7.1-cp313-cp313-win_amd64.whl (45 kB)
Downloading yarl-1.23.0-cp313-cp313-win_amd64.whl (87 kB)
Using cached aiohappyeyeballs-2.6.1-py3-none-any.whl (15 kB)
Using cached aiosignal-1.4.0-py3-none-any.whl (7.5 kB)
Using cached annotated_types-0.7.0-py3-none-any.whl (13 kB)
Using cached attrs-25.4.0-py3-none-any.whl (67 kB)
Using cached certifi-2026.2.25-py3-none-any.whl (153 kB)
Using cached colorama-0.4.6-py2.py3-none-any.whl (25 kB)
Using cached comm-0.2.3-py3-none-any.whl (7.3 kB)
Using cached contourpy-1.3.3-cp313-cp313-win_amd64.whl (226 kB)
Using cached cycler-0.12.1-py3-none-any.whl (8.3 kB)
Using cached debugpy-1.8.20-cp313-cp313-win_amd64.whl (5.4 MB)
Using cached fonttools-4.61.1-cp313-cp313-win_amd64.whl (2.3 MB)
Using cached frozenlist-1.8.0-cp313-cp313-win_amd64.whl (43 kB)
Using cached h11-0.16.0-py3-none-any.whl (37 kB)
Using cached ipython-9.10.0-py3-none-any.whl (622 kB)
Using cached prompt_toolkit-3.0.52-py3-none-any.whl (391 kB)
Using cached decorator-5.2.1-py3-none-any.whl (9.2 kB)
Using cached ipython_pygments_lexers-1.1.1-py3-none-any.whl (8.1 kB)
Using cached jedi-0.19.2-py2.py3-none-any.whl (1.6 MB)
Using cached parso-0.8.6-py2.py3-none-any.whl (106 kB)
Using cached joblib-1.5.3-py3-none-any.whl (309 kB)
Using cached jupyter_client-8.8.0-py3-none-any.whl (107 kB)
Using cached jupyter_core-5.9.1-py3-none-any.whl (29 kB)
Using cached kiwisolver-1.4.9-cp313-cp313-win_amd64.whl (73 kB)
Using cached markdown_it_py-4.0.0-py3-none-any.whl (87 kB)
Using cached mdurl-0.1.2-py3-none-any.whl (10.0 kB)
Using cached matplotlib_inline-0.2.1-py3-none-any.whl (9.5 kB)
Using cached mlflow-3.10.0-py3-none-any.whl (10.2 MB)
Using cached mlflow_skinny-3.10.0-py3-none-any.whl (3.0 MB)
Using cached mlflow_tracing-3.10.0-py3-none-any.whl (1.5 MB)
Using cached pandas-2.3.3-cp313-cp313-win_amd64.whl (11.0 MB)
Using cached alembic-1.18.4-py3-none-any.whl (263 kB)
Downloading cachetools-7.0.2-py3-none-any.whl (13 kB)
Using cached click-8.3.1-py3-none-any.whl (108 kB)
Using cached cloudpickle-3.1.2-py3-none-any.whl (22 kB)
Using cached cryptography-46.0.5-cp311-abi3-win_amd64.whl (3.5 MB)
Downloading databricks_sdk-0.95.0-py3-none-any.whl (813 kB)
   ---------------------------------------- 813.5/813.5 kB 15.3 MB/s  0:00:00
Using cached docker-7.1.0-py3-none-any.whl (147 kB)
Using cached fastapi-0.135.1-py3-none-any.whl (116 kB)
Using cached flask-3.1.3-py3-none-any.whl (103 kB)
Using cached flask_cors-6.0.2-py3-none-any.whl (13 kB)
Using cached gitpython-3.1.46-py3-none-any.whl (208 kB)
Using cached gitdb-4.0.12-py3-none-any.whl (62 kB)
Using cached google_auth-2.48.0-py3-none-any.whl (236 kB)
Using cached graphene-3.4.3-py2.py3-none-any.whl (114 kB)
Using cached graphql_core-3.2.7-py3-none-any.whl (207 kB)
Using cached graphql_relay-3.2.0-py3-none-any.whl (16 kB)
Using cached huey-2.6.0-py3-none-any.whl (76 kB)
Using cached importlib_metadata-8.7.1-py3-none-any.whl (27 kB)
Using cached opentelemetry_api-1.39.1-py3-none-any.whl (66 kB)
Using cached opentelemetry_proto-1.39.1-py3-none-any.whl (72 kB)
Using cached opentelemetry_sdk-1.39.1-py3-none-any.whl (132 kB)
Using cached opentelemetry_semantic_conventions-0.60b1-py3-none-any.whl (219 kB)
Using cached packaging-26.0-py3-none-any.whl (74 kB)
Using cached protobuf-6.33.5-cp310-abi3-win_amd64.whl (437 kB)
Using cached pyarrow-23.0.1-cp313-cp313-win_amd64.whl (27.5 MB)
Using cached python_dateutil-2.9.0.post0-py2.py3-none-any.whl (229 kB)
Using cached rsa-4.9.1-py3-none-any.whl (34 kB)
Using cached skops-0.13.0-py3-none-any.whl (131 kB)
Using cached smmap-5.0.2-py3-none-any.whl (24 kB)
Downloading sqlalchemy-2.0.48-cp313-cp313-win_amd64.whl (2.1 MB)
   ---------------------------------------- 2.1/2.1 MB 32.2 MB/s  0:00:00
Using cached sqlparse-0.5.5-py3-none-any.whl (46 kB)
Using cached uvicorn-0.41.0-py3-none-any.whl (68 kB)
Using cached waitress-3.0.2-py3-none-any.whl (56 kB)
Using cached annotated_doc-0.0.4-py3-none-any.whl (5.3 kB)
Using cached blinker-1.9.0-py3-none-any.whl (8.5 kB)
Using cached cffi-2.0.0-cp313-cp313-win_amd64.whl (183 kB)
Using cached greenlet-3.3.2-cp313-cp313-win_amd64.whl (230 kB)
Using cached itsdangerous-2.2.0-py3-none-any.whl (16 kB)
Using cached nest_asyncio-1.6.0-py3-none-any.whl (5.2 kB)
Using cached platformdirs-4.9.2-py3-none-any.whl (21 kB)
Using cached prettytable-3.17.0-py3-none-any.whl (34 kB)
Using cached propcache-0.4.1-cp313-cp313-win_amd64.whl (40 kB)
Using cached psutil-7.2.2-cp37-abi3-win_amd64.whl (137 kB)
Using cached pyasn1-0.6.2-py3-none-any.whl (83 kB)
Using cached pyasn1_modules-0.4.2-py3-none-any.whl (181 kB)
Using cached pyparsing-3.3.2-py3-none-any.whl (122 kB)
Using cached pytz-2025.2-py2.py3-none-any.whl (509 kB)
Using cached pywin32-311-cp313-cp313-win_amd64.whl (9.5 MB)
Using cached pyzmq-27.1.0-cp312-abi3-win_amd64.whl (619 kB)
Using cached regex-2026.2.28-cp313-cp313-win_amd64.whl (277 kB)
Using cached six-1.17.0-py2.py3-none-any.whl (11 kB)
Using cached soupsieve-2.8.3-py3-none-any.whl (37 kB)
Using cached stack_data-0.6.3-py3-none-any.whl (24 kB)
Using cached asttokens-3.0.1-py3-none-any.whl (27 kB)
Using cached executing-2.2.1-py2.py3-none-any.whl (28 kB)
Using cached starlette-0.52.1-py3-none-any.whl (74 kB)
Using cached anyio-4.12.1-py3-none-any.whl (113 kB)
Using cached threadpoolctl-3.6.0-py3-none-any.whl (18 kB)
Using cached tornado-6.5.4-cp39-abi3-win_amd64.whl (446 kB)
Using cached traitlets-5.14.3-py3-none-any.whl (85 kB)
Using cached typer-0.24.1-py3-none-any.whl (56 kB)
Using cached shellingham-1.5.4-py2.py3-none-any.whl (9.8 kB)
Using cached typing_inspection-0.4.2-py3-none-any.whl (14 kB)
Using cached tzdata-2025.3-py2.py3-none-any.whl (348 kB)
Using cached werkzeug-3.1.6-py3-none-any.whl (225 kB)
Using cached zipp-3.23.0-py3-none-any.whl (10 kB)
Downloading funcy-2.0-py2.py3-none-any.whl (30 kB)
Using cached jupyter_console-6.6.3-py3-none-any.whl (24 kB)
Using cached jupyterlab-4.5.5-py3-none-any.whl (12.4 MB)
Using cached jupyter_server-2.17.0-py3-none-any.whl (388 kB)
Using cached jupyterlab_server-2.28.0-py3-none-any.whl (59 kB)
Using cached argon2_cffi-25.1.0-py3-none-any.whl (14 kB)
Using cached async_lru-2.2.0-py3-none-any.whl (7.9 kB)
Using cached babel-2.18.0-py3-none-any.whl (10.2 MB)
Using cached json5-0.13.0-py3-none-any.whl (36 kB)
Using cached jsonschema-4.26.0-py3-none-any.whl (90 kB)
Using cached jsonschema_specifications-2025.9.1-py3-none-any.whl (18 kB)
Using cached jupyter_events-0.12.0-py3-none-any.whl (19 kB)
Using cached jsonpointer-3.0.0-py2.py3-none-any.whl (7.6 kB)
Using cached jupyter_lsp-2.3.0-py3-none-any.whl (76 kB)
Using cached jupyter_server_terminals-0.5.4-py3-none-any.whl (13 kB)
Using cached nbconvert-7.17.0-py3-none-any.whl (261 kB)
Using cached mistune-3.2.0-py3-none-any.whl (53 kB)
Using cached bleach-6.3.0-py3-none-any.whl (164 kB)
Using cached tinycss2-1.4.0-py3-none-any.whl (26 kB)
Using cached nbclient-0.10.4-py3-none-any.whl (25 kB)
Using cached nbformat-5.10.4-py3-none-any.whl (78 kB)
Using cached fastjsonschema-2.21.2-py3-none-any.whl (24 kB)
Using cached notebook_shim-0.2.4-py3-none-any.whl (13 kB)
Using cached pandocfilters-1.5.1-py2.py3-none-any.whl (8.7 kB)
Using cached prometheus_client-0.24.1-py3-none-any.whl (64 kB)
Using cached python_json_logger-4.0.0-py3-none-any.whl (15 kB)
Using cached pywinpty-3.0.3-cp313-cp313-win_amd64.whl (2.1 MB)
Using cached referencing-0.37.0-py3-none-any.whl (26 kB)
Using cached rfc3986_validator-0.1.1-py2.py3-none-any.whl (4.2 kB)
Using cached rfc3987_syntax-1.1.0-py3-none-any.whl (8.0 kB)
Using cached lark-1.3.1-py3-none-any.whl (113 kB)
Using cached rpds_py-0.30.0-cp313-cp313-win_amd64.whl (240 kB)
Using cached send2trash-2.1.0-py3-none-any.whl (17 kB)
Using cached terminado-0.18.1-py3-none-any.whl (14 kB)
Using cached webcolors-25.10.0-py3-none-any.whl (14 kB)
Using cached webencodings-0.5.1-py2.py3-none-any.whl (11 kB)
Using cached websocket_client-1.9.0-py3-none-any.whl (82 kB)
Using cached argon2_cffi_bindings-25.1.0-cp39-abi3-win_amd64.whl (31 kB)
Using cached defusedxml-0.7.1-py2.py3-none-any.whl (25 kB)
Using cached fqdn-1.5.1-py3-none-any.whl (9.1 kB)
Using cached isoduration-20.11.0-py3-none-any.whl (11 kB)
Using cached arrow-1.4.0-py3-none-any.whl (68 kB)
Using cached jupyterlab_pygments-0.3.0-py3-none-any.whl (15 kB)
Using cached lightgbm-4.6.0-py3-none-win_amd64.whl (1.5 MB)
Using cached mako-1.3.10-py3-none-any.whl (78 kB)
Using cached notebook-7.5.4-py3-none-any.whl (14.6 MB)
Downloading numexpr-2.14.1-cp313-cp313-win_amd64.whl (160 kB)
Using cached pure_eval-0.2.3-py3-none-any.whl (11 kB)
Using cached pycparser-3.0-py3-none-any.whl (48 kB)
Using cached pytest_runner-6.0.1-py3-none-any.whl (7.2 kB)
Using cached rfc3339_validator-0.1.4-py2.py3-none-any.whl (3.5 kB)
Using cached uri_template-1.3.0-py3-none-any.whl (11 kB)
Using cached wcwidth-0.6.0-py3-none-any.whl (94 kB)
Downloading wrapt-2.1.1-cp313-cp313-win_amd64.whl (60 kB)
Using cached xgboost-3.2.0-py3-none-win_amd64.whl (101.7 MB)
Downloading xxhash-3.6.0-cp313-cp313-win_amd64.whl (31 kB)
Building wheels for collected packages: docopt
  Building wheel for docopt (pyproject.toml): started
  Building wheel for docopt (pyproject.toml): finished with status 'done'
  Created wheel for docopt: filename=docopt-0.6.2-py2.py3-none-any.whl size=13858 sha256=132df541fd8825f5789c51e1d5723b04a45d578a5dbeca374083d6fbdec955f7
  Stored in directory: c:\users\ahmad\appdata\local\pip\cache\wheels\0b\1d\03\175286677fb5a1341cc3e4755bf8ec0ed08f3329afd67446b0
Successfully built docopt
Installing collected packages: webencodings, pywin32, pytz, pure-eval, huey, funcy, fastjsonschema, docopt, zipp, xxhash, wrapt, widgetsnbextension, werkzeug, websocket-client, webcolors, wcwidth, waitress, urllib3, uri-template, tzdata, typing-inspection, traitlets, tornado, tinycss2, threadpoolctl, stop-words, sqlparse, spacy-loggers, spacy-legacy, soupsieve, smmap, six, shellingham, sentencepiece, send2trash, safetensors, rpds-py, rfc3986-validator, regex, pyzmq, pyyaml, pywinpty, python-json-logger, python-dotenv, pytest-runner, pyspellchecker, pyparsing, pygments, pydantic-core, pycparser, pyasn1, pyarrow, psutil, protobuf, propcache, prometheus-client, platformdirs, parso, pandocfilters, packaging, numpy, num2words, nest-asyncio, murmurhash, multidict, mistune, mdurl, Mako, lxml, lark, kiwisolver, jupyterlab_widgets, jupyterlab-pygments, jsonpointer, json5, joblib, itsdangerous, idna, hf-xet, h11, greenlet, graphql-core, frozenlist, fqdn, fonttools, executing, dill, demoji, defusedxml, decorator, debugpy, cymem, cycler, comm, colorama, cloudpickle, cloudpathlib, charset_normalizer, certifi, catalogue, cachetools, blinker, bleach, babel, attrs, async-lru, asttokens, annotated-types, annotated-doc, aiohappyeyeballs, yarl, wasabi, tqdm, terminado, stack_data, srsly, sqlalchemy, smart-open, scipy, rsa, rfc3987-syntax, rfc3339-validator, requests, referencing, python-dateutil, pydantic, pyasn1-modules, prompt_toolkit, prettytable, preshed, opentelemetry-proto, opencv-python, numexpr, multiprocess, matplotlib-inline, markdown-it-py, jupyter-core, jedi, ipython-pygments-lexers, importlib_metadata, httpcore, graphql-relay, gitdb, contourpy, click, cffi, blis, beautifulsoup4, anyio, aiosignal, xgboost, uvicorn, starlette, scikit-learn, rich, pandas, opentelemetry-api, nltk, matplotlib, lightgbm, jupyter-server-terminals, jupyter-client, jsonschema-specifications, ipython, httpx, graphene, gitpython, gensim, Flask, docker, cryptography, confection, arrow, argon2-cffi-bindings, alembic, aiohttp, wordcloud, typer, thinc, textblob, skops, seaborn, pyLDAvis, opentelemetry-semantic-conventions, jsonschema, isoduration, ipywidgets, ipykernel, google-auth, Flask-CORS, fastapi, argon2-cffi, typer-slim, opentelemetry-sdk, nbformat, jupyter-console, huggingface-hub, databricks-sdk, weasel, tokenizers, nbclient, mlflow-tracing, mlflow-skinny, jupyter-events, datasets, accelerate, transformers, spacy, nbconvert, mlflow, evaluate, lazypredict, jupyter-server, notebook-shim, jupyterlab-server, jupyter-lsp, jupyterlab, notebook, jupyter
  Attempting uninstall: numpy
    Found existing installation: numpy 2.3.5
    Uninstalling numpy-2.3.5:
      Successfully uninstalled numpy-2.3.5

Successfully installed Flask-3.1.3 Flask-CORS-6.0.2 Mako-1.3.10 accelerate-1.12.0 aiohappyeyeballs-2.6.1 aiohttp-3.13.3 aiosignal-1.4.0 alembic-1.18.4 annotated-doc-0.0.4 annotated-types-0.7.0 anyio-4.12.1 argon2-cffi-25.1.0 argon2-cffi-bindings-25.1.0 arrow-1.4.0 asttokens-3.0.1 async-lru-2.2.0 attrs-25.4.0 babel-2.18.0 beautifulsoup4-4.14.3 bleach-6.3.0 blinker-1.9.0 blis-1.3.3 cachetools-7.0.2 catalogue-2.0.10 certifi-2026.2.25 cffi-2.0.0 charset_normalizer-3.4.4 click-8.3.1 cloudpathlib-0.23.0 cloudpickle-3.1.2 colorama-0.4.6 comm-0.2.3 confection-0.1.5 contourpy-1.3.3 cryptography-46.0.5 cycler-0.12.1 cymem-2.0.13 databricks-sdk-0.95.0 datasets-4.6.1 debugpy-1.8.20 decorator-5.2.1 defusedxml-0.7.1 demoji-1.1.0 dill-0.4.0 docker-7.1.0 docopt-0.6.2 evaluate-0.4.6 executing-2.2.1 fastapi-0.135.1 fastjsonschema-2.21.2 fonttools-4.61.1 fqdn-1.5.1 frozenlist-1.8.0 funcy-2.0 gensim-4.4.0 gitdb-4.0.12 gitpython-3.1.46 google-auth-2.48.0 graphene-3.4.3 graphql-core-3.2.7 graphql-relay-3.2.0 greenlet-3.3.2 h11-0.16.0 hf-xet-1.3.2 httpcore-1.0.9 httpx-0.28.1 huey-2.6.0 huggingface-hub-1.5.0 idna-3.11 importlib_metadata-8.7.1 ipykernel-7.2.0 ipython-9.10.0 ipython-pygments-lexers-1.1.1 ipywidgets-8.1.8 isoduration-20.11.0 itsdangerous-2.2.0 jedi-0.19.2 joblib-1.5.3 json5-0.13.0 jsonpointer-3.0.0 jsonschema-4.26.0 jsonschema-specifications-2025.9.1 jupyter-1.1.1 jupyter-client-8.8.0 jupyter-console-6.6.3 jupyter-core-5.9.1 jupyter-events-0.12.0 jupyter-lsp-2.3.0 jupyter-server-2.17.0 jupyter-server-terminals-0.5.4 jupyterlab-4.5.5 jupyterlab-pygments-0.3.0 jupyterlab-server-2.28.0 jupyterlab_widgets-3.0.16 kiwisolver-1.4.9 lark-1.3.1 lazypredict-0.2.16 lightgbm-4.6.0 lxml-6.0.2 markdown-it-py-4.0.0 matplotlib-3.10.8 matplotlib-inline-0.2.1 mdurl-0.1.2 mistune-3.2.0 mlflow-3.10.0 mlflow-skinny-3.10.0 mlflow-tracing-3.10.0 multidict-6.7.1 multiprocess-0.70.18 murmurhash-1.0.15 nbclient-0.10.4 nbconvert-7.17.0 nbformat-5.10.4 nest-asyncio-1.6.0 nltk-3.9.3 notebook-7.5.4 notebook-shim-0.2.4 num2words-0.5.14 numexpr-2.14.1 numpy-2.2.6 opencv-python-4.12.0.88 opentelemetry-api-1.39.1 opentelemetry-proto-1.39.1 opentelemetry-sdk-1.39.1 opentelemetry-semantic-conventions-0.60b1 packaging-26.0 pandas-2.3.3 pandocfilters-1.5.1 parso-0.8.6 platformdirs-4.9.2 preshed-3.0.12 prettytable-3.17.0 prometheus-client-0.24.1 prompt_toolkit-3.0.52 propcache-0.4.1 protobuf-6.33.5 psutil-7.2.2 pure-eval-0.2.3 pyLDAvis-3.4.1 pyarrow-23.0.1 pyasn1-0.6.2 pyasn1-modules-0.4.2 pycparser-3.0 pydantic-2.12.5 pydantic-core-2.41.5 pygments-2.19.2 pyparsing-3.3.2 pyspellchecker-0.8.4 pytest-runner-6.0.1 python-dateutil-2.9.0.post0 python-dotenv-1.2.2 python-json-logger-4.0.0 pytz-2025.2 pywin32-311 pywinpty-3.0.3 pyyaml-6.0.3 pyzmq-27.1.0 referencing-0.37.0 regex-2026.2.28 requests-2.32.5 rfc3339-validator-0.1.4 rfc3986-validator-0.1.1 rfc3987-syntax-1.1.0 rich-14.3.3 rpds-py-0.30.0 rsa-4.9.1 safetensors-0.7.0 scikit-learn-1.8.0 scipy-1.17.1 seaborn-0.13.2 send2trash-2.1.0 sentencepiece-0.2.1 shellingham-1.5.4 six-1.17.0 skops-0.13.0 smart-open-7.5.1 smmap-5.0.2 soupsieve-2.8.3 spacy-3.8.11 spacy-legacy-3.0.12 spacy-loggers-1.0.5 sqlalchemy-2.0.48 sqlparse-0.5.5 srsly-2.5.2 stack_data-0.6.3 starlette-0.52.1 stop-words-2025.11.4 terminado-0.18.1 textblob-0.19.0 thinc-8.3.10 threadpoolctl-3.6.0 tinycss2-1.4.0 tokenizers-0.22.2 tornado-6.5.4 tqdm-4.67.3 traitlets-5.14.3 transformers-5.2.0 typer-0.24.1 typer-slim-0.24.0 typing-inspection-0.4.2 tzdata-2025.3 uri-template-1.3.0 urllib3-2.6.3 uvicorn-0.41.0 waitress-3.0.2 wasabi-1.1.3 wcwidth-0.6.0 weasel-0.4.3 webcolors-25.10.0 webencodings-0.5.1 websocket-client-1.9.0 werkzeug-3.1.6 widgetsnbextension-4.0.15 wordcloud-1.9.6 wrapt-2.1.1 xgboost-3.2.0 xxhash-3.6.0 yarl-1.23.0 zipp-3.23.0

[notice] A new release of pip is available: 25.3 -> 26.0.1
[notice] To update, run: D:\Workspace\Github\Natural-Language-Processing-Projects-with-Documentations\.venv\Scripts\python.exe -m pip install --upgrade pip
  OK   requirements.txt installed.
  ..   Registering ipykernel (nlp-projects) ...
Installed kernelspec nlp-projects in C:\Users\ahmad\AppData\Roaming\jupyter\kernels\nlp-projects
  OK   ipykernel registered as nlp-projects.

==== Setup complete ====

